Running from numpy source directory.non-existing path in 'numpy/distutils': 'site.cfg'
F2PY Version 2
blas_opt_info:
  FOUND:
    extra_link_args = ['-Wl,-framework', '-Wl,Accelerate']
    define_macros = [('NO_ATLAS_INFO', 3)]
    extra_compile_args = ['-msse3', '-I/System/Library/Frameworks/vecLib.framework/Headers']

lapack_opt_info:
  FOUND:
    extra_link_args = ['-Wl,-framework', '-Wl,Accelerate']
    define_macros = [('NO_ATLAS_INFO', 3)]
    extra_compile_args = ['-msse3']

running build
running config_cc
unifing config_cc, config, build_clib, build_ext, build commands --compiler options
running config_fc
unifing config_fc, config, build_clib, build_ext, build commands --fcompiler options
running build_src
build_src
building py_modules sources
creating build
creating build/src.macosx-10.3-i386-2.5
creating build/src.macosx-10.3-i386-2.5/numpy
creating build/src.macosx-10.3-i386-2.5/numpy/distutils
building library "npymath" sources
customize NAGFCompiler
Could not locate executable f95
customize AbsoftFCompiler
Could not locate executable f90
Could not locate executable f77
customize IBMFCompiler
Could not locate executable xlf90
Could not locate executable xlf
customize IntelFCompiler
Could not locate executable ifort
Could not locate executable ifc
customize GnuFCompiler
Could not locate executable g77
customize Gnu95FCompiler
Found executable /usr/local/bin/gfortran
/Users/Shared/GitHub/project-numpy/owner-numpy/numpy-python2.5/numpy/distutils/fcompiler/gnu.py:126: UserWarning: Env. variable MACOSX_DEPLOYMENT_TARGET set to 10.3
  warnings.warn(s)
customize Gnu95FCompiler
customize Gnu95FCompiler using config
C compiler: gcc -arch ppc -arch i386 -isysroot /Developer/SDKs/MacOSX10.4u.sdk -fno-strict-aliasing -Wno-long-double -no-cpp-precomp -mno-fused-madd -fno-common -dynamic -DNDEBUG -g -O3

compile options: '-Inumpy/core/src/private -Inumpy/core/src -Inumpy/core -Inumpy/core/src/npymath -Inumpy/core/src/multiarray -Inumpy/core/src/umath -Inumpy/core/include -I/Library/Frameworks/Python.framework/Versions/2.5/include/python2.5 -c'
gcc: _configtest.c
gcc _configtest.o -o _configtest
success!
removing: _configtest.c _configtest.o _configtest
C compiler: gcc -arch ppc -arch i386 -isysroot /Developer/SDKs/MacOSX10.4u.sdk -fno-strict-aliasing -Wno-long-double -no-cpp-precomp -mno-fused-madd -fno-common -dynamic -DNDEBUG -g -O3

compile options: '-Inumpy/core/src/private -Inumpy/core/src -Inumpy/core -Inumpy/core/src/npymath -Inumpy/core/src/multiarray -Inumpy/core/src/umath -Inumpy/core/include -I/Library/Frameworks/Python.framework/Versions/2.5/include/python2.5 -c'
gcc: _configtest.c
_configtest.c:1: warning: conflicting types for built-in function 'exp'
_configtest.c:1: warning: conflicting types for built-in function 'exp'
gcc _configtest.o -o _configtest
success!
removing: _configtest.c _configtest.o _configtest
creating build/src.macosx-10.3-i386-2.5/numpy/core
creating build/src.macosx-10.3-i386-2.5/numpy/core/src
creating build/src.macosx-10.3-i386-2.5/numpy/core/src/npymath
conv_template:> build/src.macosx-10.3-i386-2.5/numpy/core/src/npymath/npy_math.c
conv_template:> build/src.macosx-10.3-i386-2.5/numpy/core/src/npymath/ieee754.c
conv_template:> build/src.macosx-10.3-i386-2.5/numpy/core/src/npymath/npy_math_complex.c
building extension "numpy.core._sort" sources
Generating build/src.macosx-10.3-i386-2.5/numpy/core/include/numpy/config.h
C compiler: gcc -arch ppc -arch i386 -isysroot /Developer/SDKs/MacOSX10.4u.sdk -fno-strict-aliasing -Wno-long-double -no-cpp-precomp -mno-fused-madd -fno-common -dynamic -DNDEBUG -g -O3

compile options: '-Inumpy/core/src/private -Inumpy/core/src -Inumpy/core -Inumpy/core/src/npymath -Inumpy/core/src/multiarray -Inumpy/core/src/umath -Inumpy/core/include -I/Library/Frameworks/Python.framework/Versions/2.5/include/python2.5 -c'
gcc: _configtest.c
success!
removing: _configtest.c _configtest.o
C compiler: gcc -arch ppc -arch i386 -isysroot /Developer/SDKs/MacOSX10.4u.sdk -fno-strict-aliasing -Wno-long-double -no-cpp-precomp -mno-fused-madd -fno-common -dynamic -DNDEBUG -g -O3

compile options: '-Inumpy/core/src/private -Inumpy/core/src -Inumpy/core -Inumpy/core/src/npymath -Inumpy/core/src/multiarray -Inumpy/core/src/umath -Inumpy/core/include -I/Library/Frameworks/Python.framework/Versions/2.5/include/python2.5 -c'
gcc: _configtest.c
_configtest.c:1:20: error: endian.h: No such file or directory
_configtest.c:1:20: error: endian.h: No such file or directory
lipo: can't figure out the architecture type of: /var/tmp//cczFgnRU.out
_configtest.c:1:20: error: endian.h: No such file or directory
_configtest.c:1:20: error: endian.h: No such file or directory
lipo: can't figure out the architecture type of: /var/tmp//cczFgnRU.out
failure.
removing: _configtest.c _configtest.o
C compiler: gcc -arch ppc -arch i386 -isysroot /Developer/SDKs/MacOSX10.4u.sdk -fno-strict-aliasing -Wno-long-double -no-cpp-precomp -mno-fused-madd -fno-common -dynamic -DNDEBUG -g -O3

compile options: '-Inumpy/core/src/private -Inumpy/core/src -Inumpy/core -Inumpy/core/src/npymath -Inumpy/core/src/multiarray -Inumpy/core/src/umath -Inumpy/core/include -I/Library/Frameworks/Python.framework/Versions/2.5/include/python2.5 -c'
gcc: _configtest.c
success!
removing: _configtest.c _configtest.o
C compiler: gcc -arch ppc -arch i386 -isysroot /Developer/SDKs/MacOSX10.4u.sdk -fno-strict-aliasing -Wno-long-double -no-cpp-precomp -mno-fused-madd -fno-common -dynamic -DNDEBUG -g -O3

compile options: '-Inumpy/core/src/private -Inumpy/core/src -Inumpy/core -Inumpy/core/src/npymath -Inumpy/core/src/multiarray -Inumpy/core/src/umath -Inumpy/core/include -I/Library/Frameworks/Python.framework/Versions/2.5/include/python2.5 -c'
gcc: _configtest.c
success!
removing: _configtest.c _configtest.o
C compiler: gcc -arch ppc -arch i386 -isysroot /Developer/SDKs/MacOSX10.4u.sdk -fno-strict-aliasing -Wno-long-double -no-cpp-precomp -mno-fused-madd -fno-common -dynamic -DNDEBUG -g -O3

compile options: '-Inumpy/core/src/private -Inumpy/core/src -Inumpy/core -Inumpy/core/src/npymath -Inumpy/core/src/multiarray -Inumpy/core/src/umath -Inumpy/core/include -I/Library/Frameworks/Python.framework/Versions/2.5/include/python2.5 -c'
gcc: _configtest.c
success!
removing: _configtest.c _configtest.o
C compiler: gcc -arch ppc -arch i386 -isysroot /Developer/SDKs/MacOSX10.4u.sdk -fno-strict-aliasing -Wno-long-double -no-cpp-precomp -mno-fused-madd -fno-common -dynamic -DNDEBUG -g -O3

compile options: '-Inumpy/core/src/private -Inumpy/core/src -Inumpy/core -Inumpy/core/src/npymath -Inumpy/core/src/multiarray -Inumpy/core/src/umath -Inumpy/core/include -I/Library/Frameworks/Python.framework/Versions/2.5/include/python2.5 -c'
gcc: _configtest.c
success!
removing: _configtest.c _configtest.o
C compiler: gcc -arch ppc -arch i386 -isysroot /Developer/SDKs/MacOSX10.4u.sdk -fno-strict-aliasing -Wno-long-double -no-cpp-precomp -mno-fused-madd -fno-common -dynamic -DNDEBUG -g -O3

compile options: '-Inumpy/core/src/private -Inumpy/core/src -Inumpy/core -Inumpy/core/src/npymath -Inumpy/core/src/multiarray -Inumpy/core/src/umath -Inumpy/core/include -I/Library/Frameworks/Python.framework/Versions/2.5/include/python2.5 -c'
gcc: _configtest.c
removing: _configtest.c _configtest.o
C compiler: gcc -arch ppc -arch i386 -isysroot /Developer/SDKs/MacOSX10.4u.sdk -fno-strict-aliasing -Wno-long-double -no-cpp-precomp -mno-fused-madd -fno-common -dynamic -DNDEBUG -g -O3

compile options: '-Inumpy/core/src/private -Inumpy/core/src -Inumpy/core -Inumpy/core/src/npymath -Inumpy/core/src/multiarray -Inumpy/core/src/umath -Inumpy/core/include -I/Library/Frameworks/Python.framework/Versions/2.5/include/python2.5 -c'
gcc: _configtest.c
removing: _configtest.c _configtest.o
C compiler: gcc -arch ppc -arch i386 -isysroot /Developer/SDKs/MacOSX10.4u.sdk -fno-strict-aliasing -Wno-long-double -no-cpp-precomp -mno-fused-madd -fno-common -dynamic -DNDEBUG -g -O3

compile options: '-Inumpy/core/src/private -Inumpy/core/src -Inumpy/core -Inumpy/core/src/npymath -Inumpy/core/src/multiarray -Inumpy/core/src/umath -Inumpy/core/include -I/Library/Frameworks/Python.framework/Versions/2.5/include/python2.5 -c'
gcc: _configtest.c
removing: _configtest.c _configtest.o
C compiler: gcc -arch ppc -arch i386 -isysroot /Developer/SDKs/MacOSX10.4u.sdk -fno-strict-aliasing -Wno-long-double -no-cpp-precomp -mno-fused-madd -fno-common -dynamic -DNDEBUG -g -O3

compile options: '-Inumpy/core/src/private -Inumpy/core/src -Inumpy/core -Inumpy/core/src/npymath -Inumpy/core/src/multiarray -Inumpy/core/src/umath -Inumpy/core/include -I/Library/Frameworks/Python.framework/Versions/2.5/include/python2.5 -c'
gcc: _configtest.c
_configtest.c: In function 'main':
_configtest.c:5: error: size of array 'test_array' is negative
_configtest.c: In function 'main':
_configtest.c:5: error: size of array 'test_array' is negative
lipo: can't figure out the architecture type of: /var/tmp//cc1y2Pfo.out
_configtest.c: In function 'main':
_configtest.c:5: error: size of array 'test_array' is negative
_configtest.c: In function 'main':
_configtest.c:5: error: size of array 'test_array' is negative
lipo: can't figure out the architecture type of: /var/tmp//cc1y2Pfo.out
C compiler: gcc -arch ppc -arch i386 -isysroot /Developer/SDKs/MacOSX10.4u.sdk -fno-strict-aliasing -Wno-long-double -no-cpp-precomp -mno-fused-madd -fno-common -dynamic -DNDEBUG -g -O3

compile options: '-Inumpy/core/src/private -Inumpy/core/src -Inumpy/core -Inumpy/core/src/npymath -Inumpy/core/src/multiarray -Inumpy/core/src/umath -Inumpy/core/include -I/Library/Frameworks/Python.framework/Versions/2.5/include/python2.5 -c'
gcc: _configtest.c
_configtest.c: In function 'main':
_configtest.c:5: error: size of array 'test_array' is negative
_configtest.c: In function 'main':
_configtest.c:5: error: size of array 'test_array' is negative
lipo: can't figure out the architecture type of: /var/tmp//ccaqFrwN.out
_configtest.c: In function 'main':
_configtest.c:5: error: size of array 'test_array' is negative
_configtest.c: In function 'main':
_configtest.c:5: error: size of array 'test_array' is negative
lipo: can't figure out the architecture type of: /var/tmp//ccaqFrwN.out
C compiler: gcc -arch ppc -arch i386 -isysroot /Developer/SDKs/MacOSX10.4u.sdk -fno-strict-aliasing -Wno-long-double -no-cpp-precomp -mno-fused-madd -fno-common -dynamic -DNDEBUG -g -O3

compile options: '-Inumpy/core/src/private -Inumpy/core/src -Inumpy/core -Inumpy/core/src/npymath -Inumpy/core/src/multiarray -Inumpy/core/src/umath -Inumpy/core/include -I/Library/Frameworks/Python.framework/Versions/2.5/include/python2.5 -c'
gcc: _configtest.c
_configtest.c: In function 'main':
_configtest.c:5: error: size of array 'test_array' is negative
_configtest.c: In function 'main':
_configtest.c:5: error: size of array 'test_array' is negative
lipo: can't figure out the architecture type of: /var/tmp//ccYhTISM.out
_configtest.c: In function 'main':
_configtest.c:5: error: size of array 'test_array' is negative
_configtest.c: In function 'main':
_configtest.c:5: error: size of array 'test_array' is negative
lipo: can't figure out the architecture type of: /var/tmp//ccYhTISM.out
C compiler: gcc -arch ppc -arch i386 -isysroot /Developer/SDKs/MacOSX10.4u.sdk -fno-strict-aliasing -Wno-long-double -no-cpp-precomp -mno-fused-madd -fno-common -dynamic -DNDEBUG -g -O3

compile options: '-Inumpy/core/src/private -Inumpy/core/src -Inumpy/core -Inumpy/core/src/npymath -Inumpy/core/src/multiarray -Inumpy/core/src/umath -Inumpy/core/include -I/Library/Frameworks/Python.framework/Versions/2.5/include/python2.5 -c'
gcc: _configtest.c
_configtest.c: In function 'main':
_configtest.c:5: error: size of array 'test_array' is negative
_configtest.c: In function 'main':
_configtest.c:5: error: size of array 'test_array' is negative
lipo: can't figure out the architecture type of: /var/tmp//ccsebFXK.out
_configtest.c: In function 'main':
_configtest.c:5: error: size of array 'test_array' is negative
_configtest.c: In function 'main':
_configtest.c:5: error: size of array 'test_array' is negative
lipo: can't figure out the architecture type of: /var/tmp//ccsebFXK.out
C compiler: gcc -arch ppc -arch i386 -isysroot /Developer/SDKs/MacOSX10.4u.sdk -fno-strict-aliasing -Wno-long-double -no-cpp-precomp -mno-fused-madd -fno-common -dynamic -DNDEBUG -g -O3

compile options: '-Inumpy/core/src/private -Inumpy/core/src -Inumpy/core -Inumpy/core/src/npymath -Inumpy/core/src/multiarray -Inumpy/core/src/umath -Inumpy/core/include -I/Library/Frameworks/Python.framework/Versions/2.5/include/python2.5 -c'
gcc: _configtest.c
_configtest.c: In function 'main':
_configtest.c:5: error: size of array 'test_array' is negative
_configtest.c: In function 'main':
_configtest.c:5: error: size of array 'test_array' is negative
lipo: can't figure out the architecture type of: /var/tmp//ccper2d0.out
_configtest.c: In function 'main':
_configtest.c:5: error: size of array 'test_array' is negative
_configtest.c: In function 'main':
_configtest.c:5: error: size of array 'test_array' is negative
lipo: can't figure out the architecture type of: /var/tmp//ccper2d0.out
C compiler: gcc -arch ppc -arch i386 -isysroot /Developer/SDKs/MacOSX10.4u.sdk -fno-strict-aliasing -Wno-long-double -no-cpp-precomp -mno-fused-madd -fno-common -dynamic -DNDEBUG -g -O3

compile options: '-Inumpy/core/src/private -Inumpy/core/src -Inumpy/core -Inumpy/core/src/npymath -Inumpy/core/src/multiarray -Inumpy/core/src/umath -Inumpy/core/include -I/Library/Frameworks/Python.framework/Versions/2.5/include/python2.5 -c'
gcc: _configtest.c
_configtest.c: In function 'main':
_configtest.c:5: error: size of array 'test_array' is negative
_configtest.c: In function 'main':
_configtest.c:5: error: size of array 'test_array' is negative
lipo: can't figure out the architecture type of: /var/tmp//ccWvFViq.out
_configtest.c: In function 'main':
_configtest.c:5: error: size of array 'test_array' is negative
_configtest.c: In function 'main':
_configtest.c:5: error: size of array 'test_array' is negative
lipo: can't figure out the architecture type of: /var/tmp//ccWvFViq.out
C compiler: gcc -arch ppc -arch i386 -isysroot /Developer/SDKs/MacOSX10.4u.sdk -fno-strict-aliasing -Wno-long-double -no-cpp-precomp -mno-fused-madd -fno-common -dynamic -DNDEBUG -g -O3

compile options: '-Inumpy/core/src/private -Inumpy/core/src -Inumpy/core -Inumpy/core/src/npymath -Inumpy/core/src/multiarray -Inumpy/core/src/umath -Inumpy/core/include -I/Library/Frameworks/Python.framework/Versions/2.5/include/python2.5 -c'
gcc: _configtest.c
removing: _configtest.c _configtest.o _configtest.c _configtest.o _configtest.c _configtest.o _configtest.c _configtest.o _configtest.c _configtest.o _configtest.c _configtest.o _configtest.c _configtest.o
C compiler: gcc -arch ppc -arch i386 -isysroot /Developer/SDKs/MacOSX10.4u.sdk -fno-strict-aliasing -Wno-long-double -no-cpp-precomp -mno-fused-madd -fno-common -dynamic -DNDEBUG -g -O3

compile options: '-Inumpy/core/src/private -Inumpy/core/src -Inumpy/core -Inumpy/core/src/npymath -Inumpy/core/src/multiarray -Inumpy/core/src/umath -Inumpy/core/include -I/Library/Frameworks/Python.framework/Versions/2.5/include/python2.5 -c'
gcc: _configtest.c
removing: _configtest.c _configtest.o
C compiler: gcc -arch ppc -arch i386 -isysroot /Developer/SDKs/MacOSX10.4u.sdk -fno-strict-aliasing -Wno-long-double -no-cpp-precomp -mno-fused-madd -fno-common -dynamic -DNDEBUG -g -O3

compile options: '-Inumpy/core/src/private -Inumpy/core/src -Inumpy/core -Inumpy/core/src/npymath -Inumpy/core/src/multiarray -Inumpy/core/src/umath -Inumpy/core/include -I/Library/Frameworks/Python.framework/Versions/2.5/include/python2.5 -c'
gcc: _configtest.c
removing: _configtest.c _configtest.o
C compiler: gcc -arch ppc -arch i386 -isysroot /Developer/SDKs/MacOSX10.4u.sdk -fno-strict-aliasing -Wno-long-double -no-cpp-precomp -mno-fused-madd -fno-common -dynamic -DNDEBUG -g -O3

compile options: '-Inumpy/core/src/private -Inumpy/core/src -Inumpy/core -Inumpy/core/src/npymath -Inumpy/core/src/multiarray -Inumpy/core/src/umath -Inumpy/core/include -I/Library/Frameworks/Python.framework/Versions/2.5/include/python2.5 -c'
gcc: _configtest.c
removing: _configtest.c _configtest.o
C compiler: gcc -arch ppc -arch i386 -isysroot /Developer/SDKs/MacOSX10.4u.sdk -fno-strict-aliasing -Wno-long-double -no-cpp-precomp -mno-fused-madd -fno-common -dynamic -DNDEBUG -g -O3

compile options: '-Inumpy/core/src/private -Inumpy/core/src -Inumpy/core -Inumpy/core/src/npymath -Inumpy/core/src/multiarray -Inumpy/core/src/umath -Inumpy/core/include -I/Library/Frameworks/Python.framework/Versions/2.5/include/python2.5 -c'
gcc: _configtest.c
success!
removing: _configtest.c _configtest.o
C compiler: gcc -arch ppc -arch i386 -isysroot /Developer/SDKs/MacOSX10.4u.sdk -fno-strict-aliasing -Wno-long-double -no-cpp-precomp -mno-fused-madd -fno-common -dynamic -DNDEBUG -g -O3

compile options: '-Inumpy/core/src/private -Inumpy/core/src -Inumpy/core -Inumpy/core/src/npymath -Inumpy/core/src/multiarray -Inumpy/core/src/umath -Inumpy/core/include -I/Library/Frameworks/Python.framework/Versions/2.5/include/python2.5 -c'
gcc: _configtest.c
removing: _configtest.c _configtest.o
C compiler: gcc -arch ppc -arch i386 -isysroot /Developer/SDKs/MacOSX10.4u.sdk -fno-strict-aliasing -Wno-long-double -no-cpp-precomp -mno-fused-madd -fno-common -dynamic -DNDEBUG -g -O3

compile options: '-Inumpy/core/src/private -Inumpy/core/src -Inumpy/core -Inumpy/core/src/npymath -Inumpy/core/src/multiarray -Inumpy/core/src/umath -Inumpy/core/include -I/Library/Frameworks/Python.framework/Versions/2.5/include/python2.5 -c'
gcc: _configtest.c
removing: _configtest.c _configtest.o
C compiler: gcc -arch ppc -arch i386 -isysroot /Developer/SDKs/MacOSX10.4u.sdk -fno-strict-aliasing -Wno-long-double -no-cpp-precomp -mno-fused-madd -fno-common -dynamic -DNDEBUG -g -O3

compile options: '-Inumpy/core/src/private -Inumpy/core/src -Inumpy/core -Inumpy/core/src/npymath -Inumpy/core/src/multiarray -Inumpy/core/src/umath -Inumpy/core/include -I/Library/Frameworks/Python.framework/Versions/2.5/include/python2.5 -c'
gcc: _configtest.c
removing: _configtest.c _configtest.o
C compiler: gcc -arch ppc -arch i386 -isysroot /Developer/SDKs/MacOSX10.4u.sdk -fno-strict-aliasing -Wno-long-double -no-cpp-precomp -mno-fused-madd -fno-common -dynamic -DNDEBUG -g -O3

compile options: '-Inumpy/core/src/private -Inumpy/core/src -Inumpy/core -Inumpy/core/src/npymath -Inumpy/core/src/multiarray -Inumpy/core/src/umath -Inumpy/core/include -I/Library/Frameworks/Python.framework/Versions/2.5/include/python2.5 -c'
gcc: _configtest.c
_configtest.c: In function 'main':
_configtest.c:5: error: size of array 'test_array' is negative
_configtest.c: In function 'main':
_configtest.c:5: error: size of array 'test_array' is negative
lipo: can't figure out the architecture type of: /var/tmp//ccHV4ge3.out
_configtest.c: In function 'main':
_configtest.c:5: error: size of array 'test_array' is negative
_configtest.c: In function 'main':
_configtest.c:5: error: size of array 'test_array' is negative
lipo: can't figure out the architecture type of: /var/tmp//ccHV4ge3.out
C compiler: gcc -arch ppc -arch i386 -isysroot /Developer/SDKs/MacOSX10.4u.sdk -fno-strict-aliasing -Wno-long-double -no-cpp-precomp -mno-fused-madd -fno-common -dynamic -DNDEBUG -g -O3

compile options: '-Inumpy/core/src/private -Inumpy/core/src -Inumpy/core -Inumpy/core/src/npymath -Inumpy/core/src/multiarray -Inumpy/core/src/umath -Inumpy/core/include -I/Library/Frameworks/Python.framework/Versions/2.5/include/python2.5 -c'
gcc: _configtest.c
_configtest.c: In function 'main':
_configtest.c:5: error: size of array 'test_array' is negative
_configtest.c: In function 'main':
_configtest.c:5: error: size of array 'test_array' is negative
lipo: can't figure out the architecture type of: /var/tmp//ccXdpNEL.out
_configtest.c: In function 'main':
_configtest.c:5: error: size of array 'test_array' is negative
_configtest.c: In function 'main':
_configtest.c:5: error: size of array 'test_array' is negative
lipo: can't figure out the architecture type of: /var/tmp//ccXdpNEL.out
C compiler: gcc -arch ppc -arch i386 -isysroot /Developer/SDKs/MacOSX10.4u.sdk -fno-strict-aliasing -Wno-long-double -no-cpp-precomp -mno-fused-madd -fno-common -dynamic -DNDEBUG -g -O3

compile options: '-Inumpy/core/src/private -Inumpy/core/src -Inumpy/core -Inumpy/core/src/npymath -Inumpy/core/src/multiarray -Inumpy/core/src/umath -Inumpy/core/include -I/Library/Frameworks/Python.framework/Versions/2.5/include/python2.5 -c'
gcc: _configtest.c
_configtest.c: In function 'main':
_configtest.c:5: error: size of array 'test_array' is negative
_configtest.c: In function 'main':
_configtest.c:5: error: size of array 'test_array' is negative
lipo: can't figure out the architecture type of: /var/tmp//cc5TReCs.out
_configtest.c: In function 'main':
_configtest.c:5: error: size of array 'test_array' is negative
_configtest.c: In function 'main':
_configtest.c:5: error: size of array 'test_array' is negative
lipo: can't figure out the architecture type of: /var/tmp//cc5TReCs.out
C compiler: gcc -arch ppc -arch i386 -isysroot /Developer/SDKs/MacOSX10.4u.sdk -fno-strict-aliasing -Wno-long-double -no-cpp-precomp -mno-fused-madd -fno-common -dynamic -DNDEBUG -g -O3

compile options: '-Inumpy/core/src/private -Inumpy/core/src -Inumpy/core -Inumpy/core/src/npymath -Inumpy/core/src/multiarray -Inumpy/core/src/umath -Inumpy/core/include -I/Library/Frameworks/Python.framework/Versions/2.5/include/python2.5 -c'
gcc: _configtest.c
_configtest.c: In function 'main':
_configtest.c:5: error: size of array 'test_array' is negative
_configtest.c: In function 'main':
_configtest.c:5: error: size of array 'test_array' is negative
lipo: can't figure out the architecture type of: /var/tmp//ccKK0u7i.out
_configtest.c: In function 'main':
_configtest.c:5: error: size of array 'test_array' is negative
_configtest.c: In function 'main':
_configtest.c:5: error: size of array 'test_array' is negative
lipo: can't figure out the architecture type of: /var/tmp//ccKK0u7i.out
C compiler: gcc -arch ppc -arch i386 -isysroot /Developer/SDKs/MacOSX10.4u.sdk -fno-strict-aliasing -Wno-long-double -no-cpp-precomp -mno-fused-madd -fno-common -dynamic -DNDEBUG -g -O3

compile options: '-Inumpy/core/src/private -Inumpy/core/src -Inumpy/core -Inumpy/core/src/npymath -Inumpy/core/src/multiarray -Inumpy/core/src/umath -Inumpy/core/include -I/Library/Frameworks/Python.framework/Versions/2.5/include/python2.5 -c'
gcc: _configtest.c
_configtest.c: In function 'main':
_configtest.c:5: error: size of array 'test_array' is negative
_configtest.c: In function 'main':
_configtest.c:5: error: size of array 'test_array' is negative
lipo: can't figure out the architecture type of: /var/tmp//ccZVyezS.out
_configtest.c: In function 'main':
_configtest.c:5: error: size of array 'test_array' is negative
_configtest.c: In function 'main':
_configtest.c:5: error: size of array 'test_array' is negative
lipo: can't figure out the architecture type of: /var/tmp//ccZVyezS.out
C compiler: gcc -arch ppc -arch i386 -isysroot /Developer/SDKs/MacOSX10.4u.sdk -fno-strict-aliasing -Wno-long-double -no-cpp-precomp -mno-fused-madd -fno-common -dynamic -DNDEBUG -g -O3

compile options: '-Inumpy/core/src/private -Inumpy/core/src -Inumpy/core -Inumpy/core/src/npymath -Inumpy/core/src/multiarray -Inumpy/core/src/umath -Inumpy/core/include -I/Library/Frameworks/Python.framework/Versions/2.5/include/python2.5 -c'
gcc: _configtest.c
_configtest.c: In function 'main':
_configtest.c:5: error: size of array 'test_array' is negative
_configtest.c: In function 'main':
_configtest.c:5: error: size of array 'test_array' is negative
lipo: can't figure out the architecture type of: /var/tmp//ccxUjpoQ.out
_configtest.c: In function 'main':
_configtest.c:5: error: size of array 'test_array' is negative
_configtest.c: In function 'main':
_configtest.c:5: error: size of array 'test_array' is negative
lipo: can't figure out the architecture type of: /var/tmp//ccxUjpoQ.out
C compiler: gcc -arch ppc -arch i386 -isysroot /Developer/SDKs/MacOSX10.4u.sdk -fno-strict-aliasing -Wno-long-double -no-cpp-precomp -mno-fused-madd -fno-common -dynamic -DNDEBUG -g -O3

compile options: '-Inumpy/core/src/private -Inumpy/core/src -Inumpy/core -Inumpy/core/src/npymath -Inumpy/core/src/multiarray -Inumpy/core/src/umath -Inumpy/core/include -I/Library/Frameworks/Python.framework/Versions/2.5/include/python2.5 -c'
gcc: _configtest.c
_configtest.c: In function 'main':
_configtest.c:5: error: size of array 'test_array' is negative
_configtest.c: In function 'main':
_configtest.c:5: error: size of array 'test_array' is negative
lipo: can't figure out the architecture type of: /var/tmp//ccT2sixj.out
_configtest.c: In function 'main':
_configtest.c:5: error: size of array 'test_array' is negative
_configtest.c: In function 'main':
_configtest.c:5: error: size of array 'test_array' is negative
lipo: can't figure out the architecture type of: /var/tmp//ccT2sixj.out
C compiler: gcc -arch ppc -arch i386 -isysroot /Developer/SDKs/MacOSX10.4u.sdk -fno-strict-aliasing -Wno-long-double -no-cpp-precomp -mno-fused-madd -fno-common -dynamic -DNDEBUG -g -O3

compile options: '-Inumpy/core/src/private -Inumpy/core/src -Inumpy/core -Inumpy/core/src/npymath -Inumpy/core/src/multiarray -Inumpy/core/src/umath -Inumpy/core/include -I/Library/Frameworks/Python.framework/Versions/2.5/include/python2.5 -c'
gcc: _configtest.c
removing: _configtest.c _configtest.o _configtest.c _configtest.o _configtest.c _configtest.o _configtest.c _configtest.o _configtest.c _configtest.o _configtest.c _configtest.o _configtest.c _configtest.o _configtest.c _configtest.o
C compiler: gcc -arch ppc -arch i386 -isysroot /Developer/SDKs/MacOSX10.4u.sdk -fno-strict-aliasing -Wno-long-double -no-cpp-precomp -mno-fused-madd -fno-common -dynamic -DNDEBUG -g -O3

compile options: '-Inumpy/core/src/private -Inumpy/core/src -Inumpy/core -Inumpy/core/src/npymath -Inumpy/core/src/multiarray -Inumpy/core/src/umath -Inumpy/core/include -I/Library/Frameworks/Python.framework/Versions/2.5/include/python2.5 -c'
gcc: _configtest.c
removing: _configtest.c _configtest.o
C compiler: gcc -arch ppc -arch i386 -isysroot /Developer/SDKs/MacOSX10.4u.sdk -fno-strict-aliasing -Wno-long-double -no-cpp-precomp -mno-fused-madd -fno-common -dynamic -DNDEBUG -g -O3

compile options: '-Inumpy/core/src/private -Inumpy/core/src -Inumpy/core -Inumpy/core/src/npymath -Inumpy/core/src/multiarray -Inumpy/core/src/umath -Inumpy/core/include -I/Library/Frameworks/Python.framework/Versions/2.5/include/python2.5 -c'
gcc: _configtest.c
removing: _configtest.c _configtest.o
C compiler: gcc -arch ppc -arch i386 -isysroot /Developer/SDKs/MacOSX10.4u.sdk -fno-strict-aliasing -Wno-long-double -no-cpp-precomp -mno-fused-madd -fno-common -dynamic -DNDEBUG -g -O3

compile options: '-Inumpy/core/src/private -Inumpy/core/src -Inumpy/core -Inumpy/core/src/npymath -Inumpy/core/src/multiarray -Inumpy/core/src/umath -Inumpy/core/include -I/Library/Frameworks/Python.framework/Versions/2.5/include/python2.5 -c'
gcc: _configtest.c
removing: _configtest.c _configtest.o
C compiler: gcc -arch ppc -arch i386 -isysroot /Developer/SDKs/MacOSX10.4u.sdk -fno-strict-aliasing -Wno-long-double -no-cpp-precomp -mno-fused-madd -fno-common -dynamic -DNDEBUG -g -O3

compile options: '-Inumpy/core/src/private -Inumpy/core/src -Inumpy/core -Inumpy/core/src/npymath -Inumpy/core/src/multiarray -Inumpy/core/src/umath -Inumpy/core/include -I/Library/Frameworks/Python.framework/Versions/2.5/include/python2.5 -c'
gcc: _configtest.c
removing: _configtest.c _configtest.o
C compiler: gcc -arch ppc -arch i386 -isysroot /Developer/SDKs/MacOSX10.4u.sdk -fno-strict-aliasing -Wno-long-double -no-cpp-precomp -mno-fused-madd -fno-common -dynamic -DNDEBUG -g -O3

compile options: '-Inumpy/core/src/private -Inumpy/core/src -Inumpy/core -Inumpy/core/src/npymath -Inumpy/core/src/multiarray -Inumpy/core/src/umath -Inumpy/core/include -I/Library/Frameworks/Python.framework/Versions/2.5/include/python2.5 -c'
gcc: _configtest.c
_configtest.c: In function 'main':
_configtest.c:7: error: 'SIZEOF_LONGDOUBLE' undeclared (first use in this function)
_configtest.c:7: error: (Each undeclared identifier is reported only once
_configtest.c:7: error: for each function it appears in.)
_configtest.c: In function 'main':
_configtest.c:7: error: 'SIZEOF_LONGDOUBLE' undeclared (first use in this function)
_configtest.c:7: error: (Each undeclared identifier is reported only once
_configtest.c:7: error: for each function it appears in.)
lipo: can't figure out the architecture type of: /var/tmp//ccawVeJP.out
_configtest.c: In function 'main':
_configtest.c:7: error: 'SIZEOF_LONGDOUBLE' undeclared (first use in this function)
_configtest.c:7: error: (Each undeclared identifier is reported only once
_configtest.c:7: error: for each function it appears in.)
_configtest.c: In function 'main':
_configtest.c:7: error: 'SIZEOF_LONGDOUBLE' undeclared (first use in this function)
_configtest.c:7: error: (Each undeclared identifier is reported only once
_configtest.c:7: error: for each function it appears in.)
lipo: can't figure out the architecture type of: /var/tmp//ccawVeJP.out
failure.
removing: _configtest.c _configtest.o
C compiler: gcc -arch ppc -arch i386 -isysroot /Developer/SDKs/MacOSX10.4u.sdk -fno-strict-aliasing -Wno-long-double -no-cpp-precomp -mno-fused-madd -fno-common -dynamic -DNDEBUG -g -O3

compile options: '-Inumpy/core/src/private -Inumpy/core/src -Inumpy/core -Inumpy/core/src/npymath -Inumpy/core/src/multiarray -Inumpy/core/src/umath -Inumpy/core/include -I/Library/Frameworks/Python.framework/Versions/2.5/include/python2.5 -c'
gcc: _configtest.c
removing: _configtest.c _configtest.o
C compiler: gcc -arch ppc -arch i386 -isysroot /Developer/SDKs/MacOSX10.4u.sdk -fno-strict-aliasing -Wno-long-double -no-cpp-precomp -mno-fused-madd -fno-common -dynamic -DNDEBUG -g -O3

compile options: '-Inumpy/core/src/private -Inumpy/core/src -Inumpy/core -Inumpy/core/src/npymath -Inumpy/core/src/multiarray -Inumpy/core/src/umath -Inumpy/core/include -I/Library/Frameworks/Python.framework/Versions/2.5/include/python2.5 -c'
gcc: _configtest.c
_configtest.c: In function 'main':
_configtest.c:5: error: size of array 'test_array' is negative
_configtest.c: In function 'main':
_configtest.c:5: error: size of array 'test_array' is negative
lipo: can't figure out the architecture type of: /var/tmp//cc14Lo3U.out
_configtest.c: In function 'main':
_configtest.c:5: error: size of array 'test_array' is negative
_configtest.c: In function 'main':
_configtest.c:5: error: size of array 'test_array' is negative
lipo: can't figure out the architecture type of: /var/tmp//cc14Lo3U.out
C compiler: gcc -arch ppc -arch i386 -isysroot /Developer/SDKs/MacOSX10.4u.sdk -fno-strict-aliasing -Wno-long-double -no-cpp-precomp -mno-fused-madd -fno-common -dynamic -DNDEBUG -g -O3

compile options: '-Inumpy/core/src/private -Inumpy/core/src -Inumpy/core -Inumpy/core/src/npymath -Inumpy/core/src/multiarray -Inumpy/core/src/umath -Inumpy/core/include -I/Library/Frameworks/Python.framework/Versions/2.5/include/python2.5 -c'
gcc: _configtest.c
_configtest.c: In function 'main':
_configtest.c:5: error: size of array 'test_array' is negative
_configtest.c: In function 'main':
_configtest.c:5: error: size of array 'test_array' is negative
lipo: can't figure out the architecture type of: /var/tmp//ccoSzQmd.out
_configtest.c: In function 'main':
_configtest.c:5: error: size of array 'test_array' is negative
_configtest.c: In function 'main':
_configtest.c:5: error: size of array 'test_array' is negative
lipo: can't figure out the architecture type of: /var/tmp//ccoSzQmd.out
C compiler: gcc -arch ppc -arch i386 -isysroot /Developer/SDKs/MacOSX10.4u.sdk -fno-strict-aliasing -Wno-long-double -no-cpp-precomp -mno-fused-madd -fno-common -dynamic -DNDEBUG -g -O3

compile options: '-Inumpy/core/src/private -Inumpy/core/src -Inumpy/core -Inumpy/core/src/npymath -Inumpy/core/src/multiarray -Inumpy/core/src/umath -Inumpy/core/include -I/Library/Frameworks/Python.framework/Versions/2.5/include/python2.5 -c'
gcc: _configtest.c
removing: _configtest.c _configtest.o _configtest.c _configtest.o _configtest.c _configtest.o
C compiler: gcc -arch ppc -arch i386 -isysroot /Developer/SDKs/MacOSX10.4u.sdk -fno-strict-aliasing -Wno-long-double -no-cpp-precomp -mno-fused-madd -fno-common -dynamic -DNDEBUG -g -O3

compile options: '-Inumpy/core/src/private -Inumpy/core/src -Inumpy/core -Inumpy/core/src/npymath -Inumpy/core/src/multiarray -Inumpy/core/src/umath -Inumpy/core/include -I/Library/Frameworks/Python.framework/Versions/2.5/include/python2.5 -c'
gcc: _configtest.c
removing: _configtest.c _configtest.o
C compiler: gcc -arch ppc -arch i386 -isysroot /Developer/SDKs/MacOSX10.4u.sdk -fno-strict-aliasing -Wno-long-double -no-cpp-precomp -mno-fused-madd -fno-common -dynamic -DNDEBUG -g -O3

compile options: '-Inumpy/core/src/private -Inumpy/core/src -Inumpy/core -Inumpy/core/src/npymath -Inumpy/core/src/multiarray -Inumpy/core/src/umath -Inumpy/core/include -I/Library/Frameworks/Python.framework/Versions/2.5/include/python2.5 -c'
gcc: _configtest.c
_configtest.c: In function 'main':
_configtest.c:5: error: size of array 'test_array' is negative
_configtest.c: In function 'main':
_configtest.c:5: error: size of array 'test_array' is negative
lipo: can't figure out the architecture type of: /var/tmp//ccfmOKJ9.out
_configtest.c: In function 'main':
_configtest.c:5: error: size of array 'test_array' is negative
_configtest.c: In function 'main':
_configtest.c:5: error: size of array 'test_array' is negative
lipo: can't figure out the architecture type of: /var/tmp//ccfmOKJ9.out
C compiler: gcc -arch ppc -arch i386 -isysroot /Developer/SDKs/MacOSX10.4u.sdk -fno-strict-aliasing -Wno-long-double -no-cpp-precomp -mno-fused-madd -fno-common -dynamic -DNDEBUG -g -O3

compile options: '-Inumpy/core/src/private -Inumpy/core/src -Inumpy/core -Inumpy/core/src/npymath -Inumpy/core/src/multiarray -Inumpy/core/src/umath -Inumpy/core/include -I/Library/Frameworks/Python.framework/Versions/2.5/include/python2.5 -c'
gcc: _configtest.c
_configtest.c: In function 'main':
_configtest.c:5: error: size of array 'test_array' is negative
_configtest.c: In function 'main':
_configtest.c:5: error: size of array 'test_array' is negative
lipo: can't figure out the architecture type of: /var/tmp//cc3Otf4j.out
_configtest.c: In function 'main':
_configtest.c:5: error: size of array 'test_array' is negative
_configtest.c: In function 'main':
_configtest.c:5: error: size of array 'test_array' is negative
lipo: can't figure out the architecture type of: /var/tmp//cc3Otf4j.out
C compiler: gcc -arch ppc -arch i386 -isysroot /Developer/SDKs/MacOSX10.4u.sdk -fno-strict-aliasing -Wno-long-double -no-cpp-precomp -mno-fused-madd -fno-common -dynamic -DNDEBUG -g -O3

compile options: '-Inumpy/core/src/private -Inumpy/core/src -Inumpy/core -Inumpy/core/src/npymath -Inumpy/core/src/multiarray -Inumpy/core/src/umath -Inumpy/core/include -I/Library/Frameworks/Python.framework/Versions/2.5/include/python2.5 -c'
gcc: _configtest.c
_configtest.c: In function 'main':
_configtest.c:5: error: size of array 'test_array' is negative
_configtest.c: In function 'main':
_configtest.c:5: error: size of array 'test_array' is negative
lipo: can't figure out the architecture type of: /var/tmp//ccp64Uys.out
_configtest.c: In function 'main':
_configtest.c:5: error: size of array 'test_array' is negative
_configtest.c: In function 'main':
_configtest.c:5: error: size of array 'test_array' is negative
lipo: can't figure out the architecture type of: /var/tmp//ccp64Uys.out
C compiler: gcc -arch ppc -arch i386 -isysroot /Developer/SDKs/MacOSX10.4u.sdk -fno-strict-aliasing -Wno-long-double -no-cpp-precomp -mno-fused-madd -fno-common -dynamic -DNDEBUG -g -O3

compile options: '-Inumpy/core/src/private -Inumpy/core/src -Inumpy/core -Inumpy/core/src/npymath -Inumpy/core/src/multiarray -Inumpy/core/src/umath -Inumpy/core/include -I/Library/Frameworks/Python.framework/Versions/2.5/include/python2.5 -c'
gcc: _configtest.c
_configtest.c: In function 'main':
_configtest.c:5: error: size of array 'test_array' is negative
_configtest.c: In function 'main':
_configtest.c:5: error: size of array 'test_array' is negative
lipo: can't figure out the architecture type of: /var/tmp//ccFCogHV.out
_configtest.c: In function 'main':
_configtest.c:5: error: size of array 'test_array' is negative
_configtest.c: In function 'main':
_configtest.c:5: error: size of array 'test_array' is negative
lipo: can't figure out the architecture type of: /var/tmp//ccFCogHV.out
C compiler: gcc -arch ppc -arch i386 -isysroot /Developer/SDKs/MacOSX10.4u.sdk -fno-strict-aliasing -Wno-long-double -no-cpp-precomp -mno-fused-madd -fno-common -dynamic -DNDEBUG -g -O3

compile options: '-Inumpy/core/src/private -Inumpy/core/src -Inumpy/core -Inumpy/core/src/npymath -Inumpy/core/src/multiarray -Inumpy/core/src/umath -Inumpy/core/include -I/Library/Frameworks/Python.framework/Versions/2.5/include/python2.5 -c'
gcc: _configtest.c
_configtest.c: In function 'main':
_configtest.c:5: error: size of array 'test_array' is negative
_configtest.c: In function 'main':
_configtest.c:5: error: size of array 'test_array' is negative
lipo: can't figure out the architecture type of: /var/tmp//ccLaW6FV.out
_configtest.c: In function 'main':
_configtest.c:5: error: size of array 'test_array' is negative
_configtest.c: In function 'main':
_configtest.c:5: error: size of array 'test_array' is negative
lipo: can't figure out the architecture type of: /var/tmp//ccLaW6FV.out
C compiler: gcc -arch ppc -arch i386 -isysroot /Developer/SDKs/MacOSX10.4u.sdk -fno-strict-aliasing -Wno-long-double -no-cpp-precomp -mno-fused-madd -fno-common -dynamic -DNDEBUG -g -O3

compile options: '-Inumpy/core/src/private -Inumpy/core/src -Inumpy/core -Inumpy/core/src/npymath -Inumpy/core/src/multiarray -Inumpy/core/src/umath -Inumpy/core/include -I/Library/Frameworks/Python.framework/Versions/2.5/include/python2.5 -c'
gcc: _configtest.c
_configtest.c: In function 'main':
_configtest.c:5: error: size of array 'test_array' is negative
_configtest.c: In function 'main':
_configtest.c:5: error: size of array 'test_array' is negative
lipo: can't figure out the architecture type of: /var/tmp//ccwRdSmN.out
_configtest.c: In function 'main':
_configtest.c:5: error: size of array 'test_array' is negative
_configtest.c: In function 'main':
_configtest.c:5: error: size of array 'test_array' is negative
lipo: can't figure out the architecture type of: /var/tmp//ccwRdSmN.out
C compiler: gcc -arch ppc -arch i386 -isysroot /Developer/SDKs/MacOSX10.4u.sdk -fno-strict-aliasing -Wno-long-double -no-cpp-precomp -mno-fused-madd -fno-common -dynamic -DNDEBUG -g -O3

compile options: '-Inumpy/core/src/private -Inumpy/core/src -Inumpy/core -Inumpy/core/src/npymath -Inumpy/core/src/multiarray -Inumpy/core/src/umath -Inumpy/core/include -I/Library/Frameworks/Python.framework/Versions/2.5/include/python2.5 -c'
gcc: _configtest.c
_configtest.c: In function 'main':
_configtest.c:5: error: size of array 'test_array' is negative
_configtest.c: In function 'main':
_configtest.c:5: error: size of array 'test_array' is negative
lipo: can't figure out the architecture type of: /var/tmp//ccJSuSD4.out
_configtest.c: In function 'main':
_configtest.c:5: error: size of array 'test_array' is negative
_configtest.c: In function 'main':
_configtest.c:5: error: size of array 'test_array' is negative
lipo: can't figure out the architecture type of: /var/tmp//ccJSuSD4.out
C compiler: gcc -arch ppc -arch i386 -isysroot /Developer/SDKs/MacOSX10.4u.sdk -fno-strict-aliasing -Wno-long-double -no-cpp-precomp -mno-fused-madd -fno-common -dynamic -DNDEBUG -g -O3

compile options: '-Inumpy/core/src/private -Inumpy/core/src -Inumpy/core -Inumpy/core/src/npymath -Inumpy/core/src/multiarray -Inumpy/core/src/umath -Inumpy/core/include -I/Library/Frameworks/Python.framework/Versions/2.5/include/python2.5 -c'
gcc: _configtest.c
_configtest.c: In function 'main':
_configtest.c:5: error: size of array 'test_array' is negative
_configtest.c: In function 'main':
_configtest.c:5: error: size of array 'test_array' is negative
lipo: can't figure out the architecture type of: /var/tmp//ccB5zYzG.out
_configtest.c: In function 'main':
_configtest.c:5: error: size of array 'test_array' is negative
_configtest.c: In function 'main':
_configtest.c:5: error: size of array 'test_array' is negative
lipo: can't figure out the architecture type of: /var/tmp//ccB5zYzG.out
C compiler: gcc -arch ppc -arch i386 -isysroot /Developer/SDKs/MacOSX10.4u.sdk -fno-strict-aliasing -Wno-long-double -no-cpp-precomp -mno-fused-madd -fno-common -dynamic -DNDEBUG -g -O3

compile options: '-Inumpy/core/src/private -Inumpy/core/src -Inumpy/core -Inumpy/core/src/npymath -Inumpy/core/src/multiarray -Inumpy/core/src/umath -Inumpy/core/include -I/Library/Frameworks/Python.framework/Versions/2.5/include/python2.5 -c'
gcc: _configtest.c
_configtest.c: In function 'main':
_configtest.c:5: error: size of array 'test_array' is negative
_configtest.c: In function 'main':
_configtest.c:5: error: size of array 'test_array' is negative
lipo: can't figure out the architecture type of: /var/tmp//ccojkJBg.out
_configtest.c: In function 'main':
_configtest.c:5: error: size of array 'test_array' is negative
_configtest.c: In function 'main':
_configtest.c:5: error: size of array 'test_array' is negative
lipo: can't figure out the architecture type of: /var/tmp//ccojkJBg.out
C compiler: gcc -arch ppc -arch i386 -isysroot /Developer/SDKs/MacOSX10.4u.sdk -fno-strict-aliasing -Wno-long-double -no-cpp-precomp -mno-fused-madd -fno-common -dynamic -DNDEBUG -g -O3

compile options: '-Inumpy/core/src/private -Inumpy/core/src -Inumpy/core -Inumpy/core/src/npymath -Inumpy/core/src/multiarray -Inumpy/core/src/umath -Inumpy/core/include -I/Library/Frameworks/Python.framework/Versions/2.5/include/python2.5 -c'
gcc: _configtest.c
_configtest.c: In function 'main':
_configtest.c:5: error: size of array 'test_array' is negative
_configtest.c: In function 'main':
_configtest.c:5: error: size of array 'test_array' is negative
lipo: can't figure out the architecture type of: /var/tmp//ccvfRszZ.out
_configtest.c: In function 'main':
_configtest.c:5: error: size of array 'test_array' is negative
_configtest.c: In function 'main':
_configtest.c:5: error: size of array 'test_array' is negative
lipo: can't figure out the architecture type of: /var/tmp//ccvfRszZ.out
C compiler: gcc -arch ppc -arch i386 -isysroot /Developer/SDKs/MacOSX10.4u.sdk -fno-strict-aliasing -Wno-long-double -no-cpp-precomp -mno-fused-madd -fno-common -dynamic -DNDEBUG -g -O3

compile options: '-Inumpy/core/src/private -Inumpy/core/src -Inumpy/core -Inumpy/core/src/npymath -Inumpy/core/src/multiarray -Inumpy/core/src/umath -Inumpy/core/include -I/Library/Frameworks/Python.framework/Versions/2.5/include/python2.5 -c'
gcc: _configtest.c
_configtest.c: In function 'main':
_configtest.c:5: error: size of array 'test_array' is negative
_configtest.c: In function 'main':
_configtest.c:5: error: size of array 'test_array' is negative
lipo: can't figure out the architecture type of: /var/tmp//ccZZ84d5.out
_configtest.c: In function 'main':
_configtest.c:5: error: size of array 'test_array' is negative
_configtest.c: In function 'main':
_configtest.c:5: error: size of array 'test_array' is negative
lipo: can't figure out the architecture type of: /var/tmp//ccZZ84d5.out
C compiler: gcc -arch ppc -arch i386 -isysroot /Developer/SDKs/MacOSX10.4u.sdk -fno-strict-aliasing -Wno-long-double -no-cpp-precomp -mno-fused-madd -fno-common -dynamic -DNDEBUG -g -O3

compile options: '-Inumpy/core/src/private -Inumpy/core/src -Inumpy/core -Inumpy/core/src/npymath -Inumpy/core/src/multiarray -Inumpy/core/src/umath -Inumpy/core/include -I/Library/Frameworks/Python.framework/Versions/2.5/include/python2.5 -c'
gcc: _configtest.c
_configtest.c: In function 'main':
_configtest.c:5: error: size of array 'test_array' is negative
_configtest.c: In function 'main':
_configtest.c:5: error: size of array 'test_array' is negative
lipo: can't figure out the architecture type of: /var/tmp//ccq6Yd2d.out
_configtest.c: In function 'main':
_configtest.c:5: error: size of array 'test_array' is negative
_configtest.c: In function 'main':
_configtest.c:5: error: size of array 'test_array' is negative
lipo: can't figure out the architecture type of: /var/tmp//ccq6Yd2d.out
C compiler: gcc -arch ppc -arch i386 -isysroot /Developer/SDKs/MacOSX10.4u.sdk -fno-strict-aliasing -Wno-long-double -no-cpp-precomp -mno-fused-madd -fno-common -dynamic -DNDEBUG -g -O3

compile options: '-Inumpy/core/src/private -Inumpy/core/src -Inumpy/core -Inumpy/core/src/npymath -Inumpy/core/src/multiarray -Inumpy/core/src/umath -Inumpy/core/include -I/Library/Frameworks/Python.framework/Versions/2.5/include/python2.5 -c'
gcc: _configtest.c
removing: _configtest.c _configtest.o _configtest.c _configtest.o _configtest.c _configtest.o _configtest.c _configtest.o _configtest.c _configtest.o _configtest.c _configtest.o _configtest.c _configtest.o _configtest.c _configtest.o _configtest.c _configtest.o _configtest.c _configtest.o _configtest.c _configtest.o _configtest.c _configtest.o _configtest.c _configtest.o
C compiler: gcc -arch ppc -arch i386 -isysroot /Developer/SDKs/MacOSX10.4u.sdk -fno-strict-aliasing -Wno-long-double -no-cpp-precomp -mno-fused-madd -fno-common -dynamic -DNDEBUG -g -O3

compile options: '-Inumpy/core/src/private -Inumpy/core/src -Inumpy/core -Inumpy/core/src/npymath -Inumpy/core/src/multiarray -Inumpy/core/src/umath -Inumpy/core/include -I/Library/Frameworks/Python.framework/Versions/2.5/include/python2.5 -c'
gcc: _configtest.c
removing: _configtest.c _configtest.o
C compiler: gcc -arch ppc -arch i386 -isysroot /Developer/SDKs/MacOSX10.4u.sdk -fno-strict-aliasing -Wno-long-double -no-cpp-precomp -mno-fused-madd -fno-common -dynamic -DNDEBUG -g -O3

compile options: '-Inumpy/core/src/private -Inumpy/core/src -Inumpy/core -Inumpy/core/src/npymath -Inumpy/core/src/multiarray -Inumpy/core/src/umath -Inumpy/core/include -I/Library/Frameworks/Python.framework/Versions/2.5/include/python2.5 -c'
gcc: _configtest.c
removing: _configtest.c _configtest.o
C compiler: gcc -arch ppc -arch i386 -isysroot /Developer/SDKs/MacOSX10.4u.sdk -fno-strict-aliasing -Wno-long-double -no-cpp-precomp -mno-fused-madd -fno-common -dynamic -DNDEBUG -g -O3

compile options: '-Inumpy/core/src/private -Inumpy/core/src -Inumpy/core -Inumpy/core/src/npymath -Inumpy/core/src/multiarray -Inumpy/core/src/umath -Inumpy/core/include -I/Library/Frameworks/Python.framework/Versions/2.5/include/python2.5 -c'
gcc: _configtest.c
removing: _configtest.c _configtest.o
C compiler: gcc -arch ppc -arch i386 -isysroot /Developer/SDKs/MacOSX10.4u.sdk -fno-strict-aliasing -Wno-long-double -no-cpp-precomp -mno-fused-madd -fno-common -dynamic -DNDEBUG -g -O3

compile options: '-Inumpy/core/src/private -Inumpy/core/src -Inumpy/core -Inumpy/core/src/npymath -Inumpy/core/src/multiarray -Inumpy/core/src/umath -Inumpy/core/include -I/Library/Frameworks/Python.framework/Versions/2.5/include/python2.5 -c'
gcc: _configtest.c
removing: _configtest.c _configtest.o
C compiler: gcc -arch ppc -arch i386 -isysroot /Developer/SDKs/MacOSX10.4u.sdk -fno-strict-aliasing -Wno-long-double -no-cpp-precomp -mno-fused-madd -fno-common -dynamic -DNDEBUG -g -O3

compile options: '-Inumpy/core/src/private -Inumpy/core/src -Inumpy/core -Inumpy/core/src/npymath -Inumpy/core/src/multiarray -Inumpy/core/src/umath -Inumpy/core/include -I/Library/Frameworks/Python.framework/Versions/2.5/include/python2.5 -c'
gcc: _configtest.c
removing: _configtest.c _configtest.o
C compiler: gcc -arch ppc -arch i386 -isysroot /Developer/SDKs/MacOSX10.4u.sdk -fno-strict-aliasing -Wno-long-double -no-cpp-precomp -mno-fused-madd -fno-common -dynamic -DNDEBUG -g -O3

compile options: '-Inumpy/core/src/private -Inumpy/core/src -Inumpy/core -Inumpy/core/src/npymath -Inumpy/core/src/multiarray -Inumpy/core/src/umath -Inumpy/core/include -I/Library/Frameworks/Python.framework/Versions/2.5/include/python2.5 -c'
gcc: _configtest.c
removing: _configtest.c _configtest.o
C compiler: gcc -arch ppc -arch i386 -isysroot /Developer/SDKs/MacOSX10.4u.sdk -fno-strict-aliasing -Wno-long-double -no-cpp-precomp -mno-fused-madd -fno-common -dynamic -DNDEBUG -g -O3

compile options: '-Inumpy/core/src/private -Inumpy/core/src -Inumpy/core -Inumpy/core/src/npymath -Inumpy/core/src/multiarray -Inumpy/core/src/umath -Inumpy/core/include -I/Library/Frameworks/Python.framework/Versions/2.5/include/python2.5 -c'
gcc: _configtest.c
removing: _configtest.c _configtest.o
C compiler: gcc -arch ppc -arch i386 -isysroot /Developer/SDKs/MacOSX10.4u.sdk -fno-strict-aliasing -Wno-long-double -no-cpp-precomp -mno-fused-madd -fno-common -dynamic -DNDEBUG -g -O3

compile options: '-Inumpy/core/src/private -Inumpy/core/src -Inumpy/core -Inumpy/core/src/npymath -Inumpy/core/src/multiarray -Inumpy/core/src/umath -Inumpy/core/include -I/Library/Frameworks/Python.framework/Versions/2.5/include/python2.5 -c'
gcc: _configtest.c
success!
removing: _configtest.c _configtest.o
C compiler: gcc -arch ppc -arch i386 -isysroot /Developer/SDKs/MacOSX10.4u.sdk -fno-strict-aliasing -Wno-long-double -no-cpp-precomp -mno-fused-madd -fno-common -dynamic -DNDEBUG -g -O3

compile options: '-Inumpy/core/src/private -Inumpy/core/src -Inumpy/core -Inumpy/core/src/npymath -Inumpy/core/src/multiarray -Inumpy/core/src/umath -Inumpy/core/include -I/Library/Frameworks/Python.framework/Versions/2.5/include/python2.5 -c'
gcc: _configtest.c
removing: _configtest.c _configtest.o
C compiler: gcc -arch ppc -arch i386 -isysroot /Developer/SDKs/MacOSX10.4u.sdk -fno-strict-aliasing -Wno-long-double -no-cpp-precomp -mno-fused-madd -fno-common -dynamic -DNDEBUG -g -O3

compile options: '-Inumpy/core/src/private -Inumpy/core/src -Inumpy/core -Inumpy/core/src/npymath -Inumpy/core/src/multiarray -Inumpy/core/src/umath -Inumpy/core/include -I/Library/Frameworks/Python.framework/Versions/2.5/include/python2.5 -c'
gcc: _configtest.c
removing: _configtest.c _configtest.o
C compiler: gcc -arch ppc -arch i386 -isysroot /Developer/SDKs/MacOSX10.4u.sdk -fno-strict-aliasing -Wno-long-double -no-cpp-precomp -mno-fused-madd -fno-common -dynamic -DNDEBUG -g -O3

compile options: '-Inumpy/core/src/private -Inumpy/core/src -Inumpy/core -Inumpy/core/src/npymath -Inumpy/core/src/multiarray -Inumpy/core/src/umath -Inumpy/core/include -I/Library/Frameworks/Python.framework/Versions/2.5/include/python2.5 -c'
gcc: _configtest.c
removing: _configtest.c _configtest.o
C compiler: gcc -arch ppc -arch i386 -isysroot /Developer/SDKs/MacOSX10.4u.sdk -fno-strict-aliasing -Wno-long-double -no-cpp-precomp -mno-fused-madd -fno-common -dynamic -DNDEBUG -g -O3

compile options: '-Inumpy/core/src/private -Inumpy/core/src -Inumpy/core -Inumpy/core/src/npymath -Inumpy/core/src/multiarray -Inumpy/core/src/umath -Inumpy/core/include -I/Library/Frameworks/Python.framework/Versions/2.5/include/python2.5 -c'
gcc: _configtest.c
removing: _configtest.c _configtest.o
C compiler: gcc -arch ppc -arch i386 -isysroot /Developer/SDKs/MacOSX10.4u.sdk -fno-strict-aliasing -Wno-long-double -no-cpp-precomp -mno-fused-madd -fno-common -dynamic -DNDEBUG -g -O3

compile options: '-Inumpy/core/src/private -Inumpy/core/src -Inumpy/core -Inumpy/core/src/npymath -Inumpy/core/src/multiarray -Inumpy/core/src/umath -Inumpy/core/include -I/Library/Frameworks/Python.framework/Versions/2.5/include/python2.5 -c'
gcc: _configtest.c
success!
removing: _configtest.c _configtest.o
C compiler: gcc -arch ppc -arch i386 -isysroot /Developer/SDKs/MacOSX10.4u.sdk -fno-strict-aliasing -Wno-long-double -no-cpp-precomp -mno-fused-madd -fno-common -dynamic -DNDEBUG -g -O3

compile options: '-Inumpy/core/src/private -Inumpy/core/src -Inumpy/core -Inumpy/core/src/npymath -Inumpy/core/src/multiarray -Inumpy/core/src/umath -Inumpy/core/include -I/Library/Frameworks/Python.framework/Versions/2.5/include/python2.5 -c'
gcc: _configtest.c
_configtest.c:1: warning: conflicting types for built-in function 'exp'
_configtest.c:1: warning: conflicting types for built-in function 'exp'
gcc _configtest.o -o _configtest
success!
removing: _configtest.c _configtest.o _configtest
C compiler: gcc -arch ppc -arch i386 -isysroot /Developer/SDKs/MacOSX10.4u.sdk -fno-strict-aliasing -Wno-long-double -no-cpp-precomp -mno-fused-madd -fno-common -dynamic -DNDEBUG -g -O3

compile options: '-Inumpy/core/src/private -Inumpy/core/src -Inumpy/core -Inumpy/core/src/npymath -Inumpy/core/src/multiarray -Inumpy/core/src/umath -Inumpy/core/include -I/Library/Frameworks/Python.framework/Versions/2.5/include/python2.5 -c'
gcc: _configtest.c
_configtest.c:1: warning: conflicting types for built-in function 'asin'
_configtest.c:2: warning: conflicting types for built-in function 'cos'
_configtest.c:3: warning: conflicting types for built-in function 'log'
_configtest.c:4: warning: conflicting types for built-in function 'fabs'
_configtest.c:5: warning: conflicting types for built-in function 'tanh'
_configtest.c:6: warning: conflicting types for built-in function 'atan'
_configtest.c:7: warning: conflicting types for built-in function 'acos'
_configtest.c:8: warning: conflicting types for built-in function 'floor'
_configtest.c:9: warning: conflicting types for built-in function 'fmod'
_configtest.c:10: warning: conflicting types for built-in function 'sqrt'
_configtest.c:11: warning: conflicting types for built-in function 'cosh'
_configtest.c:12: warning: conflicting types for built-in function 'modf'
_configtest.c:13: warning: conflicting types for built-in function 'sinh'
_configtest.c:14: warning: conflicting types for built-in function 'frexp'
_configtest.c:15: warning: conflicting types for built-in function 'exp'
_configtest.c:16: warning: conflicting types for built-in function 'tan'
_configtest.c:17: warning: conflicting types for built-in function 'ceil'
_configtest.c:18: warning: conflicting types for built-in function 'log10'
_configtest.c:19: warning: conflicting types for built-in function 'sin'
_configtest.c:20: warning: conflicting types for built-in function 'ldexp'
_configtest.c:1: warning: conflicting types for built-in function 'asin'
_configtest.c:2: warning: conflicting types for built-in function 'cos'
_configtest.c:3: warning: conflicting types for built-in function 'log'
_configtest.c:4: warning: conflicting types for built-in function 'fabs'
_configtest.c:5: warning: conflicting types for built-in function 'tanh'
_configtest.c:6: warning: conflicting types for built-in function 'atan'
_configtest.c:7: warning: conflicting types for built-in function 'acos'
_configtest.c:8: warning: conflicting types for built-in function 'floor'
_configtest.c:9: warning: conflicting types for built-in function 'fmod'
_configtest.c:10: warning: conflicting types for built-in function 'sqrt'
_configtest.c:11: warning: conflicting types for built-in function 'cosh'
_configtest.c:12: warning: conflicting types for built-in function 'modf'
_configtest.c:13: warning: conflicting types for built-in function 'sinh'
_configtest.c:14: warning: conflicting types for built-in function 'frexp'
_configtest.c:15: warning: conflicting types for built-in function 'exp'
_configtest.c:16: warning: conflicting types for built-in function 'tan'
_configtest.c:17: warning: conflicting types for built-in function 'ceil'
_configtest.c:18: warning: conflicting types for built-in function 'log10'
_configtest.c:19: warning: conflicting types for built-in function 'sin'
_configtest.c:20: warning: conflicting types for built-in function 'ldexp'
gcc _configtest.o -o _configtest
success!
removing: _configtest.c _configtest.o _configtest
C compiler: gcc -arch ppc -arch i386 -isysroot /Developer/SDKs/MacOSX10.4u.sdk -fno-strict-aliasing -Wno-long-double -no-cpp-precomp -mno-fused-madd -fno-common -dynamic -DNDEBUG -g -O3

compile options: '-Inumpy/core/src/private -Inumpy/core/src -Inumpy/core -Inumpy/core/src/npymath -Inumpy/core/src/multiarray -Inumpy/core/src/umath -Inumpy/core/include -I/Library/Frameworks/Python.framework/Versions/2.5/include/python2.5 -c'
gcc: _configtest.c
_configtest.c: In function 'main':_configtest.c: In function 'main':
_configtest.c:8: error: 'HAVE_EXPM1' undeclared (first use in this function)
_configtest.c:8: error: (Each undeclared identifier is reported only once
_configtest.c:8: error: for each function it appears in.)

_configtest.c:8: error: 'HAVE_EXPM1' undeclared (first use in this function)
_configtest.c:8: error: (Each undeclared identifier is reported only once
_configtest.c:8: error: for each function it appears in.)
lipo: can't figure out the architecture type of: /var/tmp//cc5rYlwQ.out
_configtest.c: In function 'main':_configtest.c: In function 'main':
_configtest.c:8: error: 'HAVE_EXPM1' undeclared (first use in this function)
_configtest.c:8: error: (Each undeclared identifier is reported only once
_configtest.c:8: error: for each function it appears in.)

_configtest.c:8: error: 'HAVE_EXPM1' undeclared (first use in this function)
_configtest.c:8: error: (Each undeclared identifier is reported only once
_configtest.c:8: error: for each function it appears in.)
lipo: can't figure out the architecture type of: /var/tmp//cc5rYlwQ.out
failure.
removing: _configtest.c _configtest.o
C compiler: gcc -arch ppc -arch i386 -isysroot /Developer/SDKs/MacOSX10.4u.sdk -fno-strict-aliasing -Wno-long-double -no-cpp-precomp -mno-fused-madd -fno-common -dynamic -DNDEBUG -g -O3

compile options: '-Inumpy/core/src/private -Inumpy/core/src -Inumpy/core -Inumpy/core/src/npymath -Inumpy/core/src/multiarray -Inumpy/core/src/umath -Inumpy/core/include -I/Library/Frameworks/Python.framework/Versions/2.5/include/python2.5 -c'
gcc: _configtest.c
_configtest.c: In function 'main':
_configtest.c:8: error: 'HAVE_LOG1P' undeclared (first use in this function)
_configtest.c:8: error: (Each undeclared identifier is reported only once
_configtest.c:8: error: for each function it appears in.)
_configtest.c: In function 'main':
_configtest.c:8: error: 'HAVE_LOG1P' undeclared (first use in this function)
_configtest.c:8: error: (Each undeclared identifier is reported only once
_configtest.c:8: error: for each function it appears in.)
lipo: can't figure out the architecture type of: /var/tmp//ccKxHpkM.out
_configtest.c: In function 'main':
_configtest.c:8: error: 'HAVE_LOG1P' undeclared (first use in this function)
_configtest.c:8: error: (Each undeclared identifier is reported only once
_configtest.c:8: error: for each function it appears in.)
_configtest.c: In function 'main':
_configtest.c:8: error: 'HAVE_LOG1P' undeclared (first use in this function)
_configtest.c:8: error: (Each undeclared identifier is reported only once
_configtest.c:8: error: for each function it appears in.)
lipo: can't figure out the architecture type of: /var/tmp//ccKxHpkM.out
failure.
removing: _configtest.c _configtest.o
C compiler: gcc -arch ppc -arch i386 -isysroot /Developer/SDKs/MacOSX10.4u.sdk -fno-strict-aliasing -Wno-long-double -no-cpp-precomp -mno-fused-madd -fno-common -dynamic -DNDEBUG -g -O3

compile options: '-Inumpy/core/src/private -Inumpy/core/src -Inumpy/core -Inumpy/core/src/npymath -Inumpy/core/src/multiarray -Inumpy/core/src/umath -Inumpy/core/include -I/Library/Frameworks/Python.framework/Versions/2.5/include/python2.5 -c'
gcc: _configtest.c
_configtest.c: In function 'main':
_configtest.c:8: error: 'HAVE_ACOSH' undeclared (first use in this function)
_configtest.c:8: error: (Each undeclared identifier is reported only once
_configtest.c:8: error: for each function it appears in.)
_configtest.c: In function 'main':
_configtest.c:8: error: 'HAVE_ACOSH' undeclared (first use in this function)
_configtest.c:8: error: (Each undeclared identifier is reported only once
_configtest.c:8: error: for each function it appears in.)
lipo: can't figure out the architecture type of: /var/tmp//cc7ASGvg.out
_configtest.c: In function 'main':
_configtest.c:8: error: 'HAVE_ACOSH' undeclared (first use in this function)
_configtest.c:8: error: (Each undeclared identifier is reported only once
_configtest.c:8: error: for each function it appears in.)
_configtest.c: In function 'main':
_configtest.c:8: error: 'HAVE_ACOSH' undeclared (first use in this function)
_configtest.c:8: error: (Each undeclared identifier is reported only once
_configtest.c:8: error: for each function it appears in.)
lipo: can't figure out the architecture type of: /var/tmp//cc7ASGvg.out
failure.
removing: _configtest.c _configtest.o
C compiler: gcc -arch ppc -arch i386 -isysroot /Developer/SDKs/MacOSX10.4u.sdk -fno-strict-aliasing -Wno-long-double -no-cpp-precomp -mno-fused-madd -fno-common -dynamic -DNDEBUG -g -O3

compile options: '-Inumpy/core/src/private -Inumpy/core/src -Inumpy/core -Inumpy/core/src/npymath -Inumpy/core/src/multiarray -Inumpy/core/src/umath -Inumpy/core/include -I/Library/Frameworks/Python.framework/Versions/2.5/include/python2.5 -c'
gcc: _configtest.c
_configtest.c: In function 'main':
_configtest.c:8: error: 'HAVE_ATANH' undeclared (first use in this function)
_configtest.c:8: error: (Each undeclared identifier is reported only once
_configtest.c:8: error: for each function it appears in.)
_configtest.c: In function 'main':
_configtest.c:8: error: 'HAVE_ATANH' undeclared (first use in this function)
_configtest.c:8: error: (Each undeclared identifier is reported only once
_configtest.c:8: error: for each function it appears in.)
lipo: can't figure out the architecture type of: /var/tmp//cc3bO0Co.out
_configtest.c: In function 'main':
_configtest.c:8: error: 'HAVE_ATANH' undeclared (first use in this function)
_configtest.c:8: error: (Each undeclared identifier is reported only once
_configtest.c:8: error: for each function it appears in.)
_configtest.c: In function 'main':
_configtest.c:8: error: 'HAVE_ATANH' undeclared (first use in this function)
_configtest.c:8: error: (Each undeclared identifier is reported only once
_configtest.c:8: error: for each function it appears in.)
lipo: can't figure out the architecture type of: /var/tmp//cc3bO0Co.out
failure.
removing: _configtest.c _configtest.o
C compiler: gcc -arch ppc -arch i386 -isysroot /Developer/SDKs/MacOSX10.4u.sdk -fno-strict-aliasing -Wno-long-double -no-cpp-precomp -mno-fused-madd -fno-common -dynamic -DNDEBUG -g -O3

compile options: '-Inumpy/core/src/private -Inumpy/core/src -Inumpy/core -Inumpy/core/src/npymath -Inumpy/core/src/multiarray -Inumpy/core/src/umath -Inumpy/core/include -I/Library/Frameworks/Python.framework/Versions/2.5/include/python2.5 -c'
gcc: _configtest.c
_configtest.c: In function 'main':
_configtest.c:8: error: 'HAVE_ASINH' undeclared (first use in this function)
_configtest.c:8: error: (Each undeclared identifier is reported only once
_configtest.c:8: error: for each function it appears in.)
_configtest.c: In function 'main':
_configtest.c:8: error: 'HAVE_ASINH' undeclared (first use in this function)
_configtest.c:8: error: (Each undeclared identifier is reported only once
_configtest.c:8: error: for each function it appears in.)
lipo: can't figure out the architecture type of: /var/tmp//cci8x5It.out
_configtest.c: In function 'main':
_configtest.c:8: error: 'HAVE_ASINH' undeclared (first use in this function)
_configtest.c:8: error: (Each undeclared identifier is reported only once
_configtest.c:8: error: for each function it appears in.)
_configtest.c: In function 'main':
_configtest.c:8: error: 'HAVE_ASINH' undeclared (first use in this function)
_configtest.c:8: error: (Each undeclared identifier is reported only once
_configtest.c:8: error: for each function it appears in.)
lipo: can't figure out the architecture type of: /var/tmp//cci8x5It.out
failure.
removing: _configtest.c _configtest.o
C compiler: gcc -arch ppc -arch i386 -isysroot /Developer/SDKs/MacOSX10.4u.sdk -fno-strict-aliasing -Wno-long-double -no-cpp-precomp -mno-fused-madd -fno-common -dynamic -DNDEBUG -g -O3

compile options: '-Inumpy/core/src/private -Inumpy/core/src -Inumpy/core -Inumpy/core/src/npymath -Inumpy/core/src/multiarray -Inumpy/core/src/umath -Inumpy/core/include -I/Library/Frameworks/Python.framework/Versions/2.5/include/python2.5 -c'
gcc: _configtest.c
success!
removing: _configtest.c _configtest.o
C compiler: gcc -arch ppc -arch i386 -isysroot /Developer/SDKs/MacOSX10.4u.sdk -fno-strict-aliasing -Wno-long-double -no-cpp-precomp -mno-fused-madd -fno-common -dynamic -DNDEBUG -g -O3

compile options: '-Inumpy/core/src/private -Inumpy/core/src -Inumpy/core -Inumpy/core/src/npymath -Inumpy/core/src/multiarray -Inumpy/core/src/umath -Inumpy/core/include -I/Library/Frameworks/Python.framework/Versions/2.5/include/python2.5 -c'
gcc: _configtest.c
_configtest.c: In function 'main':
_configtest.c:8: error: 'HAVE_COPYSIGN' undeclared (first use in this function)
_configtest.c:8: error: (Each undeclared identifier is reported only once
_configtest.c:8: error: for each function it appears in.)
_configtest.c: In function 'main':
_configtest.c:8: error: 'HAVE_COPYSIGN' undeclared (first use in this function)
_configtest.c:8: error: (Each undeclared identifier is reported only once
_configtest.c:8: error: for each function it appears in.)
lipo: can't figure out the architecture type of: /var/tmp//ccuKjwOz.out
_configtest.c: In function 'main':
_configtest.c:8: error: 'HAVE_COPYSIGN' undeclared (first use in this function)
_configtest.c:8: error: (Each undeclared identifier is reported only once
_configtest.c:8: error: for each function it appears in.)
_configtest.c: In function 'main':
_configtest.c:8: error: 'HAVE_COPYSIGN' undeclared (first use in this function)
_configtest.c:8: error: (Each undeclared identifier is reported only once
_configtest.c:8: error: for each function it appears in.)
lipo: can't figure out the architecture type of: /var/tmp//ccuKjwOz.out
failure.
removing: _configtest.c _configtest.o
C compiler: gcc -arch ppc -arch i386 -isysroot /Developer/SDKs/MacOSX10.4u.sdk -fno-strict-aliasing -Wno-long-double -no-cpp-precomp -mno-fused-madd -fno-common -dynamic -DNDEBUG -g -O3

compile options: '-Inumpy/core/src/private -Inumpy/core/src -Inumpy/core -Inumpy/core/src/npymath -Inumpy/core/src/multiarray -Inumpy/core/src/umath -Inumpy/core/include -I/Library/Frameworks/Python.framework/Versions/2.5/include/python2.5 -c'
gcc: _configtest.c
_configtest.c:1: warning: conflicting types for built-in function 'expm1'
_configtest.c:2: warning: conflicting types for built-in function 'log2'
_configtest.c:3: warning: conflicting types for built-in function 'pow'
_configtest.c:4: warning: conflicting types for built-in function 'rint'
_configtest.c:5: warning: conflicting types for built-in function 'atanh'
_configtest.c:6: warning: conflicting types for built-in function 'copysign'
_configtest.c:7: warning: conflicting types for built-in function 'asinh'
_configtest.c:8: warning: conflicting types for built-in function 'atan2'
_configtest.c:9: warning: conflicting types for built-in function 'acosh'
_configtest.c:10: warning: conflicting types for built-in function 'exp2'
_configtest.c:11: warning: conflicting types for built-in function 'log1p'
_configtest.c:12: warning: conflicting types for built-in function 'nextafter'
_configtest.c:13: warning: conflicting types for built-in function 'trunc'
_configtest.c:1: warning: conflicting types for built-in function 'expm1'
_configtest.c:2: warning: conflicting types for built-in function 'log2'
_configtest.c:3: warning: conflicting types for built-in function 'pow'
_configtest.c:4: warning: conflicting types for built-in function 'rint'
_configtest.c:5: warning: conflicting types for built-in function 'atanh'
_configtest.c:6: warning: conflicting types for built-in function 'copysign'
_configtest.c:7: warning: conflicting types for built-in function 'asinh'
_configtest.c:8: warning: conflicting types for built-in function 'atan2'
_configtest.c:9: warning: conflicting types for built-in function 'acosh'
_configtest.c:10: warning: conflicting types for built-in function 'exp2'
_configtest.c:11: warning: conflicting types for built-in function 'log1p'
_configtest.c:12: warning: conflicting types for built-in function 'nextafter'
_configtest.c:13: warning: conflicting types for built-in function 'trunc'
gcc _configtest.o -o _configtest
success!
removing: _configtest.c _configtest.o _configtest
C compiler: gcc -arch ppc -arch i386 -isysroot /Developer/SDKs/MacOSX10.4u.sdk -fno-strict-aliasing -Wno-long-double -no-cpp-precomp -mno-fused-madd -fno-common -dynamic -DNDEBUG -g -O3

compile options: '-Inumpy/core/src/private -Inumpy/core/src -Inumpy/core -Inumpy/core/src/npymath -Inumpy/core/src/multiarray -Inumpy/core/src/umath -Inumpy/core/include -I/Library/Frameworks/Python.framework/Versions/2.5/include/python2.5 -c'
gcc: _configtest.c
_configtest.c:1: warning: conflicting types for built-in function 'cosf'
_configtest.c:2: warning: conflicting types for built-in function 'coshf'
_configtest.c:3: warning: conflicting types for built-in function 'rintf'
_configtest.c:4: warning: conflicting types for built-in function 'fabsf'
_configtest.c:5: warning: conflicting types for built-in function 'floorf'
_configtest.c:6: warning: conflicting types for built-in function 'nextafterf'
_configtest.c:7: warning: conflicting types for built-in function 'tanhf'
_configtest.c:8: warning: conflicting types for built-in function 'log10f'
_configtest.c:9: warning: conflicting types for built-in function 'logf'
_configtest.c:10: warning: conflicting types for built-in function 'sinhf'
_configtest.c:11: warning: conflicting types for built-in function 'acosf'
_configtest.c:12: warning: conflicting types for built-in function 'sqrtf'
_configtest.c:13: warning: conflicting types for built-in function 'ldexpf'
_configtest.c:14: warning: conflicting types for built-in function 'hypotf'
_configtest.c:15: warning: conflicting types for built-in function 'log2f'
_configtest.c:16: warning: conflicting types for built-in function 'exp2f'
_configtest.c:17: warning: conflicting types for built-in function 'atanf'
_configtest.c:18: warning: conflicting types for built-in function 'fmodf'
_configtest.c:19: warning: conflicting types for built-in function 'atan2f'
_configtest.c:20: warning: conflicting types for built-in function 'modff'
_configtest.c:21: warning: conflicting types for built-in function 'ceilf'
_configtest.c:22: warning: conflicting types for built-in function 'log1pf'
_configtest.c:23: warning: conflicting types for built-in function 'asinf'
_configtest.c:24: warning: conflicting types for built-in function 'copysignf'
_configtest.c:25: warning: conflicting types for built-in function 'acoshf'
_configtest.c:26: warning: conflicting types for built-in function 'sinf'
_configtest.c:27: warning: conflicting types for built-in function 'tanf'
_configtest.c:28: warning: conflicting types for built-in function 'atanhf'
_configtest.c:29: warning: conflicting types for built-in function 'truncf'
_configtest.c:30: warning: conflicting types for built-in function 'asinhf'
_configtest.c:31: warning: conflicting types for built-in function 'frexpf'
_configtest.c:32: warning: conflicting types for built-in function 'powf'
_configtest.c:33: warning: conflicting types for built-in function 'expf'
_configtest.c:34: warning: conflicting types for built-in function 'expm1f'
_configtest.c:1: warning: conflicting types for built-in function 'cosf'
_configtest.c:2: warning: conflicting types for built-in function 'coshf'
_configtest.c:3: warning: conflicting types for built-in function 'rintf'
_configtest.c:4: warning: conflicting types for built-in function 'fabsf'
_configtest.c:5: warning: conflicting types for built-in function 'floorf'
_configtest.c:6: warning: conflicting types for built-in function 'nextafterf'
_configtest.c:7: warning: conflicting types for built-in function 'tanhf'
_configtest.c:8: warning: conflicting types for built-in function 'log10f'
_configtest.c:9: warning: conflicting types for built-in function 'logf'
_configtest.c:10: warning: conflicting types for built-in function 'sinhf'
_configtest.c:11: warning: conflicting types for built-in function 'acosf'
_configtest.c:12: warning: conflicting types for built-in function 'sqrtf'
_configtest.c:13: warning: conflicting types for built-in function 'ldexpf'
_configtest.c:14: warning: conflicting types for built-in function 'hypotf'
_configtest.c:15: warning: conflicting types for built-in function 'log2f'
_configtest.c:16: warning: conflicting types for built-in function 'exp2f'
_configtest.c:17: warning: conflicting types for built-in function 'atanf'
_configtest.c:18: warning: conflicting types for built-in function 'fmodf'
_configtest.c:19: warning: conflicting types for built-in function 'atan2f'
_configtest.c:20: warning: conflicting types for built-in function 'modff'
_configtest.c:21: warning: conflicting types for built-in function 'ceilf'
_configtest.c:22: warning: conflicting types for built-in function 'log1pf'
_configtest.c:23: warning: conflicting types for built-in function 'asinf'
_configtest.c:24: warning: conflicting types for built-in function 'copysignf'
_configtest.c:25: warning: conflicting types for built-in function 'acoshf'
_configtest.c:26: warning: conflicting types for built-in function 'sinf'
_configtest.c:27: warning: conflicting types for built-in function 'tanf'
_configtest.c:28: warning: conflicting types for built-in function 'atanhf'
_configtest.c:29: warning: conflicting types for built-in function 'truncf'
_configtest.c:30: warning: conflicting types for built-in function 'asinhf'
_configtest.c:31: warning: conflicting types for built-in function 'frexpf'
_configtest.c:32: warning: conflicting types for built-in function 'powf'
_configtest.c:33: warning: conflicting types for built-in function 'expf'
_configtest.c:34: warning: conflicting types for built-in function 'expm1f'
gcc _configtest.o -o _configtest
success!
removing: _configtest.c _configtest.o _configtest
C compiler: gcc -arch ppc -arch i386 -isysroot /Developer/SDKs/MacOSX10.4u.sdk -fno-strict-aliasing -Wno-long-double -no-cpp-precomp -mno-fused-madd -fno-common -dynamic -DNDEBUG -g -O3

compile options: '-Inumpy/core/src/private -Inumpy/core/src -Inumpy/core -Inumpy/core/src/npymath -Inumpy/core/src/multiarray -Inumpy/core/src/umath -Inumpy/core/include -I/Library/Frameworks/Python.framework/Versions/2.5/include/python2.5 -c'
gcc: _configtest.c
_configtest.c:1: warning: conflicting types for built-in function 'tanhl'
_configtest.c:2: warning: conflicting types for built-in function 'log10l'
_configtest.c:3: warning: conflicting types for built-in function 'nextafterl'
_configtest.c:4: warning: conflicting types for built-in function 'coshl'
_configtest.c:5: warning: conflicting types for built-in function 'cosl'
_configtest.c:6: warning: conflicting types for built-in function 'floorl'
_configtest.c:7: warning: conflicting types for built-in function 'rintl'
_configtest.c:8: warning: conflicting types for built-in function 'fabsl'
_configtest.c:9: warning: conflicting types for built-in function 'acosl'
_configtest.c:10: warning: conflicting types for built-in function 'ldexpl'
_configtest.c:11: warning: conflicting types for built-in function 'sqrtl'
_configtest.c:12: warning: conflicting types for built-in function 'logl'
_configtest.c:13: warning: conflicting types for built-in function 'expm1l'
_configtest.c:14: warning: conflicting types for built-in function 'hypotl'
_configtest.c:15: warning: conflicting types for built-in function 'log2l'
_configtest.c:16: warning: conflicting types for built-in function 'copysignl'
_configtest.c:17: warning: conflicting types for built-in function 'exp2l'
_configtest.c:18: warning: conflicting types for built-in function 'atanl'
_configtest.c:19: warning: conflicting types for built-in function 'frexpl'
_configtest.c:20: warning: conflicting types for built-in function 'atan2l'
_configtest.c:21: warning: conflicting types for built-in function 'sinhl'
_configtest.c:22: warning: conflicting types for built-in function 'fmodl'
_configtest.c:23: warning: conflicting types for built-in function 'log1pl'
_configtest.c:24: warning: conflicting types for built-in function 'asinl'
_configtest.c:25: warning: conflicting types for built-in function 'ceill'
_configtest.c:26: warning: conflicting types for built-in function 'sinl'
_configtest.c:27: warning: conflicting types for built-in function 'acoshl'
_configtest.c:28: warning: conflicting types for built-in function 'atanhl'
_configtest.c:29: warning: conflicting types for built-in function 'tanl'
_configtest.c:30: warning: conflicting types for built-in function 'truncl'
_configtest.c:31: warning: conflicting types for built-in function 'powl'
_configtest.c:32: warning: conflicting types for built-in function 'expl'
_configtest.c:33: warning: conflicting types for built-in function 'modfl'
_configtest.c:34: warning: conflicting types for built-in function 'asinhl'
_configtest.c:1: warning: conflicting types for built-in function 'tanhl'
_configtest.c:2: warning: conflicting types for built-in function 'log10l'
_configtest.c:3: warning: conflicting types for built-in function 'nextafterl'
_configtest.c:4: warning: conflicting types for built-in function 'coshl'
_configtest.c:5: warning: conflicting types for built-in function 'cosl'
_configtest.c:6: warning: conflicting types for built-in function 'floorl'
_configtest.c:7: warning: conflicting types for built-in function 'rintl'
_configtest.c:8: warning: conflicting types for built-in function 'fabsl'
_configtest.c:9: warning: conflicting types for built-in function 'acosl'
_configtest.c:10: warning: conflicting types for built-in function 'ldexpl'
_configtest.c:11: warning: conflicting types for built-in function 'sqrtl'
_configtest.c:12: warning: conflicting types for built-in function 'logl'
_configtest.c:13: warning: conflicting types for built-in function 'expm1l'
_configtest.c:14: warning: conflicting types for built-in function 'hypotl'
_configtest.c:15: warning: conflicting types for built-in function 'log2l'
_configtest.c:16: warning: conflicting types for built-in function 'copysignl'
_configtest.c:17: warning: conflicting types for built-in function 'exp2l'
_configtest.c:18: warning: conflicting types for built-in function 'atanl'
_configtest.c:19: warning: conflicting types for built-in function 'frexpl'
_configtest.c:20: warning: conflicting types for built-in function 'atan2l'
_configtest.c:21: warning: conflicting types for built-in function 'sinhl'
_configtest.c:22: warning: conflicting types for built-in function 'fmodl'
_configtest.c:23: warning: conflicting types for built-in function 'log1pl'
_configtest.c:24: warning: conflicting types for built-in function 'asinl'
_configtest.c:25: warning: conflicting types for built-in function 'ceill'
_configtest.c:26: warning: conflicting types for built-in function 'sinl'
_configtest.c:27: warning: conflicting types for built-in function 'acoshl'
_configtest.c:28: warning: conflicting types for built-in function 'atanhl'
_configtest.c:29: warning: conflicting types for built-in function 'tanl'
_configtest.c:30: warning: conflicting types for built-in function 'truncl'
_configtest.c:31: warning: conflicting types for built-in function 'powl'
_configtest.c:32: warning: conflicting types for built-in function 'expl'
_configtest.c:33: warning: conflicting types for built-in function 'modfl'
_configtest.c:34: warning: conflicting types for built-in function 'asinhl'
gcc _configtest.o -o _configtest
success!
removing: _configtest.c _configtest.o _configtest
C compiler: gcc -arch ppc -arch i386 -isysroot /Developer/SDKs/MacOSX10.4u.sdk -fno-strict-aliasing -Wno-long-double -no-cpp-precomp -mno-fused-madd -fno-common -dynamic -DNDEBUG -g -O3

compile options: '-Inumpy/core/src/private -Inumpy/core/src -Inumpy/core -Inumpy/core/src/npymath -Inumpy/core/src/multiarray -Inumpy/core/src/umath -Inumpy/core/include -I/Library/Frameworks/Python.framework/Versions/2.5/include/python2.5 -c'
gcc: _configtest.c
success!
removing: _configtest.c _configtest.o
C compiler: gcc -arch ppc -arch i386 -isysroot /Developer/SDKs/MacOSX10.4u.sdk -fno-strict-aliasing -Wno-long-double -no-cpp-precomp -mno-fused-madd -fno-common -dynamic -DNDEBUG -g -O3

compile options: '-Inumpy/core/src/private -Inumpy/core/src -Inumpy/core -Inumpy/core/src/npymath -Inumpy/core/src/multiarray -Inumpy/core/src/umath -Inumpy/core/include -I/Library/Frameworks/Python.framework/Versions/2.5/include/python2.5 -c'
gcc: _configtest.c
success!
removing: _configtest.c _configtest.o
C compiler: gcc -arch ppc -arch i386 -isysroot /Developer/SDKs/MacOSX10.4u.sdk -fno-strict-aliasing -Wno-long-double -no-cpp-precomp -mno-fused-madd -fno-common -dynamic -DNDEBUG -g -O3

compile options: '-Inumpy/core/src/private -Inumpy/core/src -Inumpy/core -Inumpy/core/src/npymath -Inumpy/core/src/multiarray -Inumpy/core/src/umath -Inumpy/core/include -I/Library/Frameworks/Python.framework/Versions/2.5/include/python2.5 -c'
gcc: _configtest.c
success!
removing: _configtest.c _configtest.o
C compiler: gcc -arch ppc -arch i386 -isysroot /Developer/SDKs/MacOSX10.4u.sdk -fno-strict-aliasing -Wno-long-double -no-cpp-precomp -mno-fused-madd -fno-common -dynamic -DNDEBUG -g -O3

compile options: '-Inumpy/core/src/private -Inumpy/core/src -Inumpy/core -Inumpy/core/src/npymath -Inumpy/core/src/multiarray -Inumpy/core/src/umath -Inumpy/core/include -I/Library/Frameworks/Python.framework/Versions/2.5/include/python2.5 -c'
gcc: _configtest.c
success!
removing: _configtest.c _configtest.o
C compiler: gcc -arch ppc -arch i386 -isysroot /Developer/SDKs/MacOSX10.4u.sdk -fno-strict-aliasing -Wno-long-double -no-cpp-precomp -mno-fused-madd -fno-common -dynamic -DNDEBUG -g -O3

compile options: '-Inumpy/core/src/private -Inumpy/core/src -Inumpy/core -Inumpy/core/src/npymath -Inumpy/core/src/multiarray -Inumpy/core/src/umath -Inumpy/core/include -I/Library/Frameworks/Python.framework/Versions/2.5/include/python2.5 -c'
gcc: _configtest.c
success!
removing: _configtest.c _configtest.o
C compiler: gcc -arch ppc -arch i386 -isysroot /Developer/SDKs/MacOSX10.4u.sdk -fno-strict-aliasing -Wno-long-double -no-cpp-precomp -mno-fused-madd -fno-common -dynamic -DNDEBUG -g -O3

compile options: '-Inumpy/core/src/private -Inumpy/core/src -Inumpy/core -Inumpy/core/src/npymath -Inumpy/core/src/multiarray -Inumpy/core/src/umath -Inumpy/core/include -I/Library/Frameworks/Python.framework/Versions/2.5/include/python2.5 -c'
gcc: _configtest.c
removing: _configtest.c _configtest.o
C compiler: gcc -arch ppc -arch i386 -isysroot /Developer/SDKs/MacOSX10.4u.sdk -fno-strict-aliasing -Wno-long-double -no-cpp-precomp -mno-fused-madd -fno-common -dynamic -DNDEBUG -g -O3

compile options: '-Inumpy/core/src/private -Inumpy/core/src -Inumpy/core -Inumpy/core/src/npymath -Inumpy/core/src/multiarray -Inumpy/core/src/umath -Inumpy/core/include -I/Library/Frameworks/Python.framework/Versions/2.5/include/python2.5 -c'
gcc: _configtest.c
removing: _configtest.c _configtest.o
C compiler: gcc -arch ppc -arch i386 -isysroot /Developer/SDKs/MacOSX10.4u.sdk -fno-strict-aliasing -Wno-long-double -no-cpp-precomp -mno-fused-madd -fno-common -dynamic -DNDEBUG -g -O3

compile options: '-Inumpy/core/src/private -Inumpy/core/src -Inumpy/core -Inumpy/core/src/npymath -Inumpy/core/src/multiarray -Inumpy/core/src/umath -Inumpy/core/include -I/Library/Frameworks/Python.framework/Versions/2.5/include/python2.5 -c'
gcc: _configtest.c
removing: _configtest.c _configtest.o
C compiler: gcc -arch ppc -arch i386 -isysroot /Developer/SDKs/MacOSX10.4u.sdk -fno-strict-aliasing -Wno-long-double -no-cpp-precomp -mno-fused-madd -fno-common -dynamic -DNDEBUG -g -O3

compile options: '-Inumpy/core/src/private -Inumpy/core/src -Inumpy/core -Inumpy/core/src/npymath -Inumpy/core/src/multiarray -Inumpy/core/src/umath -Inumpy/core/include -I/Library/Frameworks/Python.framework/Versions/2.5/include/python2.5 -c'
gcc: _configtest.c
_configtest.c:1: warning: conflicting types for built-in function 'cexp'
_configtest.c:3: warning: conflicting types for built-in function 'ccos'
_configtest.c:4: warning: conflicting types for built-in function 'cimag'
_configtest.c:5: warning: conflicting types for built-in function 'cabs'
_configtest.c:6: warning: conflicting types for built-in function 'cpow'
_configtest.c:7: warning: conflicting types for built-in function 'csqrt'
_configtest.c:8: warning: conflicting types for built-in function 'carg'
_configtest.c:9: warning: conflicting types for built-in function 'creal'
_configtest.c:10: warning: conflicting types for built-in function 'csin'
_configtest.c:1: warning: conflicting types for built-in function 'cexp'
_configtest.c:3: warning: conflicting types for built-in function 'ccos'
_configtest.c:4: warning: conflicting types for built-in function 'cimag'
_configtest.c:5: warning: conflicting types for built-in function 'cabs'
_configtest.c:6: warning: conflicting types for built-in function 'cpow'
_configtest.c:7: warning: conflicting types for built-in function 'csqrt'
_configtest.c:8: warning: conflicting types for built-in function 'carg'
_configtest.c:9: warning: conflicting types for built-in function 'creal'
_configtest.c:10: warning: conflicting types for built-in function 'csin'
gcc _configtest.o -o _configtest
success!
removing: _configtest.c _configtest.o _configtest
C compiler: gcc -arch ppc -arch i386 -isysroot /Developer/SDKs/MacOSX10.4u.sdk -fno-strict-aliasing -Wno-long-double -no-cpp-precomp -mno-fused-madd -fno-common -dynamic -DNDEBUG -g -O3

compile options: '-Inumpy/core/src/private -Inumpy/core/src -Inumpy/core -Inumpy/core/src/npymath -Inumpy/core/src/multiarray -Inumpy/core/src/umath -Inumpy/core/include -I/Library/Frameworks/Python.framework/Versions/2.5/include/python2.5 -c'
gcc: _configtest.c
_configtest.c:1: warning: conflicting types for built-in function 'ccosf'
_configtest.c:2: warning: conflicting types for built-in function 'cargf'
_configtest.c:3: warning: conflicting types for built-in function 'csqrtf'
_configtest.c:4: warning: conflicting types for built-in function 'cpowf'
_configtest.c:5: warning: conflicting types for built-in function 'cexpf'
_configtest.c:6: warning: conflicting types for built-in function 'crealf'
_configtest.c:7: warning: conflicting types for built-in function 'csinf'
_configtest.c:8: warning: conflicting types for built-in function 'cabsf'
_configtest.c:10: warning: conflicting types for built-in function 'cimagf'
_configtest.c:1: warning: conflicting types for built-in function 'ccosf'
_configtest.c:2: warning: conflicting types for built-in function 'cargf'
_configtest.c:3: warning: conflicting types for built-in function 'csqrtf'
_configtest.c:4: warning: conflicting types for built-in function 'cpowf'
_configtest.c:5: warning: conflicting types for built-in function 'cexpf'
_configtest.c:6: warning: conflicting types for built-in function 'crealf'
_configtest.c:7: warning: conflicting types for built-in function 'csinf'
_configtest.c:8: warning: conflicting types for built-in function 'cabsf'
_configtest.c:10: warning: conflicting types for built-in function 'cimagf'
gcc _configtest.o -o _configtest
success!
removing: _configtest.c _configtest.o _configtest
C compiler: gcc -arch ppc -arch i386 -isysroot /Developer/SDKs/MacOSX10.4u.sdk -fno-strict-aliasing -Wno-long-double -no-cpp-precomp -mno-fused-madd -fno-common -dynamic -DNDEBUG -g -O3

compile options: '-Inumpy/core/src/private -Inumpy/core/src -Inumpy/core -Inumpy/core/src/npymath -Inumpy/core/src/multiarray -Inumpy/core/src/umath -Inumpy/core/include -I/Library/Frameworks/Python.framework/Versions/2.5/include/python2.5 -c'
gcc: _configtest.c
_configtest.c:1: warning: conflicting types for built-in function 'csqrtl'
_configtest.c:2: warning: conflicting types for built-in function 'cargl'
_configtest.c:3: warning: conflicting types for built-in function 'cexpl'
_configtest.c:4: warning: conflicting types for built-in function 'ccosl'
_configtest.c:5: warning: conflicting types for built-in function 'cpowl'
_configtest.c:6: warning: conflicting types for built-in function 'cimagl'
_configtest.c:7: warning: conflicting types for built-in function 'csinl'
_configtest.c:8: warning: conflicting types for built-in function 'creall'
_configtest.c:10: warning: conflicting types for built-in function 'cabsl'
_configtest.c:1: warning: conflicting types for built-in function 'csqrtl'
_configtest.c:2: warning: conflicting types for built-in function 'cargl'
_configtest.c:3: warning: conflicting types for built-in function 'cexpl'
_configtest.c:4: warning: conflicting types for built-in function 'ccosl'
_configtest.c:5: warning: conflicting types for built-in function 'cpowl'
_configtest.c:6: warning: conflicting types for built-in function 'cimagl'
_configtest.c:7: warning: conflicting types for built-in function 'csinl'
_configtest.c:8: warning: conflicting types for built-in function 'creall'
_configtest.c:10: warning: conflicting types for built-in function 'cabsl'
gcc _configtest.o -o _configtest
success!
removing: _configtest.c _configtest.o _configtest
C compiler: gcc -arch ppc -arch i386 -isysroot /Developer/SDKs/MacOSX10.4u.sdk -fno-strict-aliasing -Wno-long-double -no-cpp-precomp -mno-fused-madd -fno-common -dynamic -DNDEBUG -g -O3

compile options: '-Inumpy/core/src/private -Inumpy/core/src -Inumpy/core -Inumpy/core/src/npymath -Inumpy/core/src/multiarray -Inumpy/core/src/umath -Inumpy/core/include -I/Library/Frameworks/Python.framework/Versions/2.5/include/python2.5 -c'
gcc: _configtest.c
success!
removing: _configtest.c _configtest.o
C compiler: gcc -arch ppc -arch i386 -isysroot /Developer/SDKs/MacOSX10.4u.sdk -fno-strict-aliasing -Wno-long-double -no-cpp-precomp -mno-fused-madd -fno-common -dynamic -DNDEBUG -g -O3

compile options: '-Inumpy/core/src/private -Inumpy/core/src -Inumpy/core -Inumpy/core/src/npymath -Inumpy/core/src/multiarray -Inumpy/core/src/umath -Inumpy/core/include -I/Library/Frameworks/Python.framework/Versions/2.5/include/python2.5 -c'
gcc: _configtest.c
_configtest.c: In function 'main':
_configtest.c:7: error: 'Py_UNICODE_WIDE' undeclared (first use in this function)
_configtest.c:7: error: (Each undeclared identifier is reported only once
_configtest.c:7: error: for each function it appears in.)
_configtest.c: In function 'main':
_configtest.c:7: error: 'Py_UNICODE_WIDE' undeclared (first use in this function)
_configtest.c:7: error: (Each undeclared identifier is reported only once
_configtest.c:7: error: for each function it appears in.)
lipo: can't figure out the architecture type of: /var/tmp//cck8YVBy.out
_configtest.c: In function 'main':
_configtest.c:7: error: 'Py_UNICODE_WIDE' undeclared (first use in this function)
_configtest.c:7: error: (Each undeclared identifier is reported only once
_configtest.c:7: error: for each function it appears in.)
_configtest.c: In function 'main':
_configtest.c:7: error: 'Py_UNICODE_WIDE' undeclared (first use in this function)
_configtest.c:7: error: (Each undeclared identifier is reported only once
_configtest.c:7: error: for each function it appears in.)
lipo: can't figure out the architecture type of: /var/tmp//cck8YVBy.out
failure.
removing: _configtest.c _configtest.o
('File:', 'build/src.macosx-10.3-i386-2.5/numpy/core/include/numpy/config.h')
#define SIZEOF_PY_INTPTR_T 4
#define SIZEOF_PY_LONG_LONG 8
#define MATHLIB 
#define HAVE_SIN
#define HAVE_COS
#define HAVE_TAN
#define HAVE_SINH
#define HAVE_COSH
#define HAVE_TANH
#define HAVE_FABS
#define HAVE_FLOOR
#define HAVE_CEIL
#define HAVE_SQRT
#define HAVE_LOG10
#define HAVE_LOG
#define HAVE_EXP
#define HAVE_ASIN
#define HAVE_ACOS
#define HAVE_ATAN
#define HAVE_FMOD
#define HAVE_MODF
#define HAVE_FREXP
#define HAVE_LDEXP
#define HAVE_EXPM1
#define HAVE_LOG1P
#define HAVE_ACOSH
#define HAVE_ASINH
#define HAVE_ATANH
#define HAVE_RINT
#define HAVE_TRUNC
#define HAVE_EXP2
#define HAVE_LOG2
#define HAVE_ATAN2
#define HAVE_POW
#define HAVE_COPYSIGN
#define HAVE_NEXTAFTER
#define HAVE_SINF
#define HAVE_COSF
#define HAVE_TANF
#define HAVE_SINHF
#define HAVE_COSHF
#define HAVE_TANHF
#define HAVE_FABSF
#define HAVE_FLOORF
#define HAVE_CEILF
#define HAVE_RINTF
#define HAVE_TRUNCF
#define HAVE_SQRTF
#define HAVE_LOG10F
#define HAVE_LOGF
#define HAVE_LOG1PF
#define HAVE_EXPF
#define HAVE_EXPM1F
#define HAVE_ASINF
#define HAVE_ACOSF
#define HAVE_ATANF
#define HAVE_ASINHF
#define HAVE_ACOSHF
#define HAVE_ATANHF
#define HAVE_HYPOTF
#define HAVE_ATAN2F
#define HAVE_POWF
#define HAVE_FMODF
#define HAVE_MODFF
#define HAVE_FREXPF
#define HAVE_LDEXPF
#define HAVE_EXP2F
#define HAVE_LOG2F
#define HAVE_COPYSIGNF
#define HAVE_NEXTAFTERF
#define HAVE_SINL
#define HAVE_COSL
#define HAVE_TANL
#define HAVE_SINHL
#define HAVE_COSHL
#define HAVE_TANHL
#define HAVE_FABSL
#define HAVE_FLOORL
#define HAVE_CEILL
#define HAVE_RINTL
#define HAVE_TRUNCL
#define HAVE_SQRTL
#define HAVE_LOG10L
#define HAVE_LOGL
#define HAVE_LOG1PL
#define HAVE_EXPL
#define HAVE_EXPM1L
#define HAVE_ASINL
#define HAVE_ACOSL
#define HAVE_ATANL
#define HAVE_ASINHL
#define HAVE_ACOSHL
#define HAVE_ATANHL
#define HAVE_HYPOTL
#define HAVE_ATAN2L
#define HAVE_POWL
#define HAVE_FMODL
#define HAVE_MODFL
#define HAVE_FREXPL
#define HAVE_LDEXPL
#define HAVE_EXP2L
#define HAVE_LOG2L
#define HAVE_COPYSIGNL
#define HAVE_NEXTAFTERL
#define HAVE_DECL_ISNAN
#define HAVE_DECL_ISINF
#define HAVE_DECL_SIGNBIT
#define HAVE_DECL_ISFINITE
#define HAVE_COMPLEX_H
#define HAVE_CREAL
#define HAVE_CIMAG
#define HAVE_CABS
#define HAVE_CARG
#define HAVE_CEXP
#define HAVE_CSQRT
#define HAVE_CLOG
#define HAVE_CCOS
#define HAVE_CSIN
#define HAVE_CPOW
#define HAVE_CREALF
#define HAVE_CIMAGF
#define HAVE_CABSF
#define HAVE_CARGF
#define HAVE_CEXPF
#define HAVE_CSQRTF
#define HAVE_CLOGF
#define HAVE_CCOSF
#define HAVE_CSINF
#define HAVE_CPOWF
#define HAVE_CREALL
#define HAVE_CIMAGL
#define HAVE_CABSL
#define HAVE_CARGL
#define HAVE_CEXPL
#define HAVE_CSQRTL
#define HAVE_CLOGL
#define HAVE_CCOSL
#define HAVE_CSINL
#define HAVE_CPOWL
#ifndef __cplusplus
/* #undef inline */
#endif

#ifndef _NPY_NPY_CONFIG_H_
#error config.h should never be included directly, include npy_config.h instead
#endif

EOF
  adding 'build/src.macosx-10.3-i386-2.5/numpy/core/include/numpy/config.h' to sources.
Generating build/src.macosx-10.3-i386-2.5/numpy/core/include/numpy/_numpyconfig.h
C compiler: gcc -arch ppc -arch i386 -isysroot /Developer/SDKs/MacOSX10.4u.sdk -fno-strict-aliasing -Wno-long-double -no-cpp-precomp -mno-fused-madd -fno-common -dynamic -DNDEBUG -g -O3

compile options: '-Inumpy/core/src/private -Inumpy/core/src -Inumpy/core -Inumpy/core/src/npymath -Inumpy/core/src/multiarray -Inumpy/core/src/umath -Inumpy/core/include -I/Library/Frameworks/Python.framework/Versions/2.5/include/python2.5 -c'
gcc: _configtest.c
_configtest.c:1: warning: conflicting types for built-in function 'exp'
_configtest.c:1: warning: conflicting types for built-in function 'exp'
gcc _configtest.o -o _configtest
success!
removing: _configtest.c _configtest.o _configtest
C compiler: gcc -arch ppc -arch i386 -isysroot /Developer/SDKs/MacOSX10.4u.sdk -fno-strict-aliasing -Wno-long-double -no-cpp-precomp -mno-fused-madd -fno-common -dynamic -DNDEBUG -g -O3

compile options: '-Inumpy/core/src/private -Inumpy/core/src -Inumpy/core -Inumpy/core/src/npymath -Inumpy/core/src/multiarray -Inumpy/core/src/umath -Inumpy/core/include -I/Library/Frameworks/Python.framework/Versions/2.5/include/python2.5 -c'
gcc: _configtest.c
success!
removing: _configtest.c _configtest.o
C compiler: gcc -arch ppc -arch i386 -isysroot /Developer/SDKs/MacOSX10.4u.sdk -fno-strict-aliasing -Wno-long-double -no-cpp-precomp -mno-fused-madd -fno-common -dynamic -DNDEBUG -g -O3

compile options: '-Inumpy/core/src/private -Inumpy/core/src -Inumpy/core -Inumpy/core/src/npymath -Inumpy/core/src/multiarray -Inumpy/core/src/umath -Inumpy/core/include -I/Library/Frameworks/Python.framework/Versions/2.5/include/python2.5 -c'
gcc: _configtest.c
success!
removing: _configtest.c _configtest.o
File: build/src.macosx-10.3-i386-2.5/numpy/core/include/numpy/_numpyconfig.h
#define NPY_SIZEOF_SHORT SIZEOF_SHORT
#define NPY_SIZEOF_INT SIZEOF_INT
#define NPY_SIZEOF_LONG SIZEOF_LONG
#define NPY_SIZEOF_FLOAT 4
#define NPY_SIZEOF_COMPLEX_FLOAT 8
#define NPY_SIZEOF_DOUBLE 8
#define NPY_SIZEOF_COMPLEX_DOUBLE 16
#define NPY_SIZEOF_LONGDOUBLE 16
#define NPY_SIZEOF_COMPLEX_LONGDOUBLE 32
#define NPY_SIZEOF_PY_INTPTR_T 4
#define NPY_SIZEOF_PY_LONG_LONG 8
#define NPY_SIZEOF_LONGLONG 8
#define NPY_NO_SMP 0
#define NPY_HAVE_DECL_ISNAN
#define NPY_HAVE_DECL_ISINF
#define NPY_HAVE_DECL_SIGNBIT
#define NPY_HAVE_DECL_ISFINITE
#define NPY_USE_C99_COMPLEX
#define NPY_HAVE_COMPLEX_DOUBLE 1
#define NPY_HAVE_COMPLEX_FLOAT 1
#define NPY_HAVE_COMPLEX_LONG_DOUBLE 1
#define NPY_USE_C99_FORMATS 1
#define NPY_VISIBILITY_HIDDEN __attribute__((visibility("hidden")))
#define NPY_ABI_VERSION 0x02000000
#define NPY_API_VERSION 0x00000005

#ifndef __STDC_FORMAT_MACROS
#define __STDC_FORMAT_MACROS 1
#endif

EOF
  adding 'build/src.macosx-10.3-i386-2.5/numpy/core/include/numpy/_numpyconfig.h' to sources.
executing numpy/core/code_generators/generate_numpy_api.py
  adding 'build/src.macosx-10.3-i386-2.5/numpy/core/include/numpy/__multiarray_api.h' to sources.
conv_template:> build/src.macosx-10.3-i386-2.5/numpy/core/src/_sortmodule.c
numpy.core - nothing done with h_files = ['build/src.macosx-10.3-i386-2.5/numpy/core/include/numpy/config.h', 'build/src.macosx-10.3-i386-2.5/numpy/core/include/numpy/_numpyconfig.h', 'build/src.macosx-10.3-i386-2.5/numpy/core/include/numpy/__multiarray_api.h']
building extension "numpy.core.multiarray" sources
non-existing path in 'numpy/core': 'build/src.macosx-10.3-i386-2.5/numpy/core/src/multiarray'
creating build/src.macosx-10.3-i386-2.5/numpy/core/src/multiarray
conv_template:> build/src.macosx-10.3-i386-2.5/numpy/core/src/multiarray/scalartypes.c
conv_template:> build/src.macosx-10.3-i386-2.5/numpy/core/src/multiarray/arraytypes.c
  adding 'build/src.macosx-10.3-i386-2.5/numpy/core/include/numpy/config.h' to sources.
  adding 'build/src.macosx-10.3-i386-2.5/numpy/core/include/numpy/_numpyconfig.h' to sources.
executing numpy/core/code_generators/generate_numpy_api.py
  adding 'build/src.macosx-10.3-i386-2.5/numpy/core/include/numpy/__multiarray_api.h' to sources.
numpy.core - nothing done with h_files = ['build/src.macosx-10.3-i386-2.5/numpy/core/include/numpy/config.h', 'build/src.macosx-10.3-i386-2.5/numpy/core/include/numpy/_numpyconfig.h', 'build/src.macosx-10.3-i386-2.5/numpy/core/include/numpy/__multiarray_api.h']
building extension "numpy.core.umath" sources
  adding 'build/src.macosx-10.3-i386-2.5/numpy/core/include/numpy/config.h' to sources.
  adding 'build/src.macosx-10.3-i386-2.5/numpy/core/include/numpy/_numpyconfig.h' to sources.
executing numpy/core/code_generators/generate_ufunc_api.py
  adding 'build/src.macosx-10.3-i386-2.5/numpy/core/include/numpy/__ufunc_api.h' to sources.
non-existing path in 'numpy/core': 'build/src.macosx-10.3-i386-2.5/numpy/core/src/umath'
creating build/src.macosx-10.3-i386-2.5/numpy/core/src/umath
conv_template:> build/src.macosx-10.3-i386-2.5/numpy/core/src/umath/loops.c
conv_template:> build/src.macosx-10.3-i386-2.5/numpy/core/src/umath/umathmodule.c
conv_template:> build/src.macosx-10.3-i386-2.5/numpy/core/src/umath/funcs.inc
  adding 'build/src.macosx-10.3-i386-2.5/numpy/core/src/umath' to include_dirs.
numpy.core - nothing done with h_files = ['build/src.macosx-10.3-i386-2.5/numpy/core/src/umath/funcs.inc', 'build/src.macosx-10.3-i386-2.5/numpy/core/include/numpy/config.h', 'build/src.macosx-10.3-i386-2.5/numpy/core/include/numpy/_numpyconfig.h', 'build/src.macosx-10.3-i386-2.5/numpy/core/include/numpy/__ufunc_api.h']
building extension "numpy.core.scalarmath" sources
  adding 'build/src.macosx-10.3-i386-2.5/numpy/core/include/numpy/config.h' to sources.
  adding 'build/src.macosx-10.3-i386-2.5/numpy/core/include/numpy/_numpyconfig.h' to sources.
executing numpy/core/code_generators/generate_numpy_api.py
  adding 'build/src.macosx-10.3-i386-2.5/numpy/core/include/numpy/__multiarray_api.h' to sources.
executing numpy/core/code_generators/generate_ufunc_api.py
  adding 'build/src.macosx-10.3-i386-2.5/numpy/core/include/numpy/__ufunc_api.h' to sources.
conv_template:> build/src.macosx-10.3-i386-2.5/numpy/core/src/scalarmathmodule.c
numpy.core - nothing done with h_files = ['build/src.macosx-10.3-i386-2.5/numpy/core/include/numpy/config.h', 'build/src.macosx-10.3-i386-2.5/numpy/core/include/numpy/_numpyconfig.h', 'build/src.macosx-10.3-i386-2.5/numpy/core/include/numpy/__multiarray_api.h', 'build/src.macosx-10.3-i386-2.5/numpy/core/include/numpy/__ufunc_api.h']
building extension "numpy.core._dotblas" sources
  adding 'numpy/core/blasdot/_dotblas.c' to sources.
building extension "numpy.core.umath_tests" sources
conv_template:> build/src.macosx-10.3-i386-2.5/numpy/core/src/umath/umath_tests.c
building extension "numpy.core.multiarray_tests" sources
conv_template:> build/src.macosx-10.3-i386-2.5/numpy/core/src/multiarray/multiarray_tests.c
building extension "numpy.lib._compiled_base" sources
building extension "numpy.numarray._capi" sources
building extension "numpy.fft.fftpack_lite" sources
building extension "numpy.linalg.lapack_lite" sources
creating build/src.macosx-10.3-i386-2.5/numpy/linalg
  adding 'numpy/linalg/lapack_litemodule.c' to sources.
  adding 'numpy/linalg/python_xerbla.c' to sources.
building extension "numpy.random.mtrand" sources
creating build/src.macosx-10.3-i386-2.5/numpy/random
/Users/Shared/GitHub/project-numpy/owner-numpy/numpy-python2.5/numpy/distutils/command/config.py:40: DeprecationWarning: 
+++++++++++++++++++++++++++++++++++++++++++++++++
Usage of try_run is deprecated: please do not 
use it anymore, and avoid configuration checks 
involving running executable on the target machine.
+++++++++++++++++++++++++++++++++++++++++++++++++

  DeprecationWarning)
C compiler: gcc -arch ppc -arch i386 -isysroot /Developer/SDKs/MacOSX10.4u.sdk -fno-strict-aliasing -Wno-long-double -no-cpp-precomp -mno-fused-madd -fno-common -dynamic -DNDEBUG -g -O3

compile options: '-Inumpy/core/src/private -Inumpy/core/src -Inumpy/core -Inumpy/core/src/npymath -Inumpy/core/src/multiarray -Inumpy/core/src/umath -Inumpy/core/include -I/Library/Frameworks/Python.framework/Versions/2.5/include/python2.5 -c'
gcc: _configtest.c
gcc _configtest.o -o _configtest
_configtest
failure.
removing: _configtest.c _configtest.o _configtest
building data_files sources
build_src: building npy-pkg config files
running build_py
creating build/lib.macosx-10.3-i386-2.5
creating build/lib.macosx-10.3-i386-2.5/numpy
copying numpy/__init__.py -> build/lib.macosx-10.3-i386-2.5/numpy
copying numpy/_import_tools.py -> build/lib.macosx-10.3-i386-2.5/numpy
copying numpy/add_newdocs.py -> build/lib.macosx-10.3-i386-2.5/numpy
copying numpy/ctypeslib.py -> build/lib.macosx-10.3-i386-2.5/numpy
copying numpy/dual.py -> build/lib.macosx-10.3-i386-2.5/numpy
copying numpy/matlib.py -> build/lib.macosx-10.3-i386-2.5/numpy
copying numpy/setup.py -> build/lib.macosx-10.3-i386-2.5/numpy
copying numpy/setupscons.py -> build/lib.macosx-10.3-i386-2.5/numpy
copying numpy/version.py -> build/lib.macosx-10.3-i386-2.5/numpy
copying build/src.macosx-10.3-i386-2.5/numpy/__config__.py -> build/lib.macosx-10.3-i386-2.5/numpy
creating build/lib.macosx-10.3-i386-2.5/numpy/distutils
copying numpy/distutils/__init__.py -> build/lib.macosx-10.3-i386-2.5/numpy/distutils
copying numpy/distutils/__version__.py -> build/lib.macosx-10.3-i386-2.5/numpy/distutils
copying numpy/distutils/ccompiler.py -> build/lib.macosx-10.3-i386-2.5/numpy/distutils
copying numpy/distutils/compat.py -> build/lib.macosx-10.3-i386-2.5/numpy/distutils
copying numpy/distutils/conv_template.py -> build/lib.macosx-10.3-i386-2.5/numpy/distutils
copying numpy/distutils/core.py -> build/lib.macosx-10.3-i386-2.5/numpy/distutils
copying numpy/distutils/cpuinfo.py -> build/lib.macosx-10.3-i386-2.5/numpy/distutils
copying numpy/distutils/environment.py -> build/lib.macosx-10.3-i386-2.5/numpy/distutils
copying numpy/distutils/exec_command.py -> build/lib.macosx-10.3-i386-2.5/numpy/distutils
copying numpy/distutils/extension.py -> build/lib.macosx-10.3-i386-2.5/numpy/distutils
copying numpy/distutils/from_template.py -> build/lib.macosx-10.3-i386-2.5/numpy/distutils
copying numpy/distutils/info.py -> build/lib.macosx-10.3-i386-2.5/numpy/distutils
copying numpy/distutils/intelccompiler.py -> build/lib.macosx-10.3-i386-2.5/numpy/distutils
copying numpy/distutils/interactive.py -> build/lib.macosx-10.3-i386-2.5/numpy/distutils
copying numpy/distutils/lib2def.py -> build/lib.macosx-10.3-i386-2.5/numpy/distutils
copying numpy/distutils/line_endings.py -> build/lib.macosx-10.3-i386-2.5/numpy/distutils
copying numpy/distutils/log.py -> build/lib.macosx-10.3-i386-2.5/numpy/distutils
copying numpy/distutils/mingw32ccompiler.py -> build/lib.macosx-10.3-i386-2.5/numpy/distutils
copying numpy/distutils/misc_util.py -> build/lib.macosx-10.3-i386-2.5/numpy/distutils
copying numpy/distutils/npy_pkg_config.py -> build/lib.macosx-10.3-i386-2.5/numpy/distutils
copying numpy/distutils/numpy_distribution.py -> build/lib.macosx-10.3-i386-2.5/numpy/distutils
copying numpy/distutils/setup.py -> build/lib.macosx-10.3-i386-2.5/numpy/distutils
copying numpy/distutils/setupscons.py -> build/lib.macosx-10.3-i386-2.5/numpy/distutils
copying numpy/distutils/system_info.py -> build/lib.macosx-10.3-i386-2.5/numpy/distutils
copying numpy/distutils/unixccompiler.py -> build/lib.macosx-10.3-i386-2.5/numpy/distutils
copying build/src.macosx-10.3-i386-2.5/numpy/distutils/__config__.py -> build/lib.macosx-10.3-i386-2.5/numpy/distutils
creating build/lib.macosx-10.3-i386-2.5/numpy/distutils/command
copying numpy/distutils/command/__init__.py -> build/lib.macosx-10.3-i386-2.5/numpy/distutils/command
copying numpy/distutils/command/autodist.py -> build/lib.macosx-10.3-i386-2.5/numpy/distutils/command
copying numpy/distutils/command/bdist_rpm.py -> build/lib.macosx-10.3-i386-2.5/numpy/distutils/command
copying numpy/distutils/command/build.py -> build/lib.macosx-10.3-i386-2.5/numpy/distutils/command
copying numpy/distutils/command/build_clib.py -> build/lib.macosx-10.3-i386-2.5/numpy/distutils/command
copying numpy/distutils/command/build_ext.py -> build/lib.macosx-10.3-i386-2.5/numpy/distutils/command
copying numpy/distutils/command/build_py.py -> build/lib.macosx-10.3-i386-2.5/numpy/distutils/command
copying numpy/distutils/command/build_scripts.py -> build/lib.macosx-10.3-i386-2.5/numpy/distutils/command
copying numpy/distutils/command/build_src.py -> build/lib.macosx-10.3-i386-2.5/numpy/distutils/command
copying numpy/distutils/command/config.py -> build/lib.macosx-10.3-i386-2.5/numpy/distutils/command
copying numpy/distutils/command/config_compiler.py -> build/lib.macosx-10.3-i386-2.5/numpy/distutils/command
copying numpy/distutils/command/develop.py -> build/lib.macosx-10.3-i386-2.5/numpy/distutils/command
copying numpy/distutils/command/egg_info.py -> build/lib.macosx-10.3-i386-2.5/numpy/distutils/command
copying numpy/distutils/command/install.py -> build/lib.macosx-10.3-i386-2.5/numpy/distutils/command
copying numpy/distutils/command/install_clib.py -> build/lib.macosx-10.3-i386-2.5/numpy/distutils/command
copying numpy/distutils/command/install_data.py -> build/lib.macosx-10.3-i386-2.5/numpy/distutils/command
copying numpy/distutils/command/install_headers.py -> build/lib.macosx-10.3-i386-2.5/numpy/distutils/command
copying numpy/distutils/command/scons.py -> build/lib.macosx-10.3-i386-2.5/numpy/distutils/command
copying numpy/distutils/command/sdist.py -> build/lib.macosx-10.3-i386-2.5/numpy/distutils/command
creating build/lib.macosx-10.3-i386-2.5/numpy/distutils/fcompiler
copying numpy/distutils/fcompiler/__init__.py -> build/lib.macosx-10.3-i386-2.5/numpy/distutils/fcompiler
copying numpy/distutils/fcompiler/absoft.py -> build/lib.macosx-10.3-i386-2.5/numpy/distutils/fcompiler
copying numpy/distutils/fcompiler/compaq.py -> build/lib.macosx-10.3-i386-2.5/numpy/distutils/fcompiler
copying numpy/distutils/fcompiler/g95.py -> build/lib.macosx-10.3-i386-2.5/numpy/distutils/fcompiler
copying numpy/distutils/fcompiler/gnu.py -> build/lib.macosx-10.3-i386-2.5/numpy/distutils/fcompiler
copying numpy/distutils/fcompiler/hpux.py -> build/lib.macosx-10.3-i386-2.5/numpy/distutils/fcompiler
copying numpy/distutils/fcompiler/ibm.py -> build/lib.macosx-10.3-i386-2.5/numpy/distutils/fcompiler
copying numpy/distutils/fcompiler/intel.py -> build/lib.macosx-10.3-i386-2.5/numpy/distutils/fcompiler
copying numpy/distutils/fcompiler/lahey.py -> build/lib.macosx-10.3-i386-2.5/numpy/distutils/fcompiler
copying numpy/distutils/fcompiler/mips.py -> build/lib.macosx-10.3-i386-2.5/numpy/distutils/fcompiler
copying numpy/distutils/fcompiler/nag.py -> build/lib.macosx-10.3-i386-2.5/numpy/distutils/fcompiler
copying numpy/distutils/fcompiler/none.py -> build/lib.macosx-10.3-i386-2.5/numpy/distutils/fcompiler
copying numpy/distutils/fcompiler/pg.py -> build/lib.macosx-10.3-i386-2.5/numpy/distutils/fcompiler
copying numpy/distutils/fcompiler/sun.py -> build/lib.macosx-10.3-i386-2.5/numpy/distutils/fcompiler
copying numpy/distutils/fcompiler/vast.py -> build/lib.macosx-10.3-i386-2.5/numpy/distutils/fcompiler
creating build/lib.macosx-10.3-i386-2.5/numpy/testing
copying numpy/testing/__init__.py -> build/lib.macosx-10.3-i386-2.5/numpy/testing
copying numpy/testing/decorators.py -> build/lib.macosx-10.3-i386-2.5/numpy/testing
copying numpy/testing/noseclasses.py -> build/lib.macosx-10.3-i386-2.5/numpy/testing
copying numpy/testing/nosetester.py -> build/lib.macosx-10.3-i386-2.5/numpy/testing
copying numpy/testing/nulltester.py -> build/lib.macosx-10.3-i386-2.5/numpy/testing
copying numpy/testing/numpytest.py -> build/lib.macosx-10.3-i386-2.5/numpy/testing
copying numpy/testing/setup.py -> build/lib.macosx-10.3-i386-2.5/numpy/testing
copying numpy/testing/setupscons.py -> build/lib.macosx-10.3-i386-2.5/numpy/testing
copying numpy/testing/utils.py -> build/lib.macosx-10.3-i386-2.5/numpy/testing
creating build/lib.macosx-10.3-i386-2.5/numpy/f2py
copying numpy/f2py/__init__.py -> build/lib.macosx-10.3-i386-2.5/numpy/f2py
copying numpy/f2py/__version__.py -> build/lib.macosx-10.3-i386-2.5/numpy/f2py
copying numpy/f2py/auxfuncs.py -> build/lib.macosx-10.3-i386-2.5/numpy/f2py
copying numpy/f2py/capi_maps.py -> build/lib.macosx-10.3-i386-2.5/numpy/f2py
copying numpy/f2py/cb_rules.py -> build/lib.macosx-10.3-i386-2.5/numpy/f2py
copying numpy/f2py/cfuncs.py -> build/lib.macosx-10.3-i386-2.5/numpy/f2py
copying numpy/f2py/common_rules.py -> build/lib.macosx-10.3-i386-2.5/numpy/f2py
copying numpy/f2py/crackfortran.py -> build/lib.macosx-10.3-i386-2.5/numpy/f2py
copying numpy/f2py/diagnose.py -> build/lib.macosx-10.3-i386-2.5/numpy/f2py
copying numpy/f2py/f2py2e.py -> build/lib.macosx-10.3-i386-2.5/numpy/f2py
copying numpy/f2py/f2py_testing.py -> build/lib.macosx-10.3-i386-2.5/numpy/f2py
copying numpy/f2py/f90mod_rules.py -> build/lib.macosx-10.3-i386-2.5/numpy/f2py
copying numpy/f2py/func2subr.py -> build/lib.macosx-10.3-i386-2.5/numpy/f2py
copying numpy/f2py/info.py -> build/lib.macosx-10.3-i386-2.5/numpy/f2py
copying numpy/f2py/rules.py -> build/lib.macosx-10.3-i386-2.5/numpy/f2py
copying numpy/f2py/setup.py -> build/lib.macosx-10.3-i386-2.5/numpy/f2py
copying numpy/f2py/setupscons.py -> build/lib.macosx-10.3-i386-2.5/numpy/f2py
copying numpy/f2py/use_rules.py -> build/lib.macosx-10.3-i386-2.5/numpy/f2py
creating build/lib.macosx-10.3-i386-2.5/numpy/core
copying numpy/core/__init__.py -> build/lib.macosx-10.3-i386-2.5/numpy/core
copying numpy/core/_internal.py -> build/lib.macosx-10.3-i386-2.5/numpy/core
copying numpy/core/_mx_datetime_parser.py -> build/lib.macosx-10.3-i386-2.5/numpy/core
copying numpy/core/arrayprint.py -> build/lib.macosx-10.3-i386-2.5/numpy/core
copying numpy/core/defchararray.py -> build/lib.macosx-10.3-i386-2.5/numpy/core
copying numpy/core/fromnumeric.py -> build/lib.macosx-10.3-i386-2.5/numpy/core
copying numpy/core/function_base.py -> build/lib.macosx-10.3-i386-2.5/numpy/core
copying numpy/core/getlimits.py -> build/lib.macosx-10.3-i386-2.5/numpy/core
copying numpy/core/info.py -> build/lib.macosx-10.3-i386-2.5/numpy/core
copying numpy/core/machar.py -> build/lib.macosx-10.3-i386-2.5/numpy/core
copying numpy/core/memmap.py -> build/lib.macosx-10.3-i386-2.5/numpy/core
copying numpy/core/numeric.py -> build/lib.macosx-10.3-i386-2.5/numpy/core
copying numpy/core/numerictypes.py -> build/lib.macosx-10.3-i386-2.5/numpy/core
copying numpy/core/records.py -> build/lib.macosx-10.3-i386-2.5/numpy/core
copying numpy/core/scons_support.py -> build/lib.macosx-10.3-i386-2.5/numpy/core
copying numpy/core/setup.py -> build/lib.macosx-10.3-i386-2.5/numpy/core
copying numpy/core/setup_common.py -> build/lib.macosx-10.3-i386-2.5/numpy/core
copying numpy/core/setupscons.py -> build/lib.macosx-10.3-i386-2.5/numpy/core
copying numpy/core/shape_base.py -> build/lib.macosx-10.3-i386-2.5/numpy/core
copying numpy/core/code_generators/generate_numpy_api.py -> build/lib.macosx-10.3-i386-2.5/numpy/core
creating build/lib.macosx-10.3-i386-2.5/numpy/lib
copying numpy/lib/__init__.py -> build/lib.macosx-10.3-i386-2.5/numpy/lib
copying numpy/lib/_datasource.py -> build/lib.macosx-10.3-i386-2.5/numpy/lib
copying numpy/lib/_iotools.py -> build/lib.macosx-10.3-i386-2.5/numpy/lib
copying numpy/lib/arraysetops.py -> build/lib.macosx-10.3-i386-2.5/numpy/lib
copying numpy/lib/arrayterator.py -> build/lib.macosx-10.3-i386-2.5/numpy/lib
copying numpy/lib/financial.py -> build/lib.macosx-10.3-i386-2.5/numpy/lib
copying numpy/lib/format.py -> build/lib.macosx-10.3-i386-2.5/numpy/lib
copying numpy/lib/function_base.py -> build/lib.macosx-10.3-i386-2.5/numpy/lib
copying numpy/lib/index_tricks.py -> build/lib.macosx-10.3-i386-2.5/numpy/lib
copying numpy/lib/info.py -> build/lib.macosx-10.3-i386-2.5/numpy/lib
copying numpy/lib/npyio.py -> build/lib.macosx-10.3-i386-2.5/numpy/lib
copying numpy/lib/polynomial.py -> build/lib.macosx-10.3-i386-2.5/numpy/lib
copying numpy/lib/recfunctions.py -> build/lib.macosx-10.3-i386-2.5/numpy/lib
copying numpy/lib/scimath.py -> build/lib.macosx-10.3-i386-2.5/numpy/lib
copying numpy/lib/setup.py -> build/lib.macosx-10.3-i386-2.5/numpy/lib
copying numpy/lib/setupscons.py -> build/lib.macosx-10.3-i386-2.5/numpy/lib
copying numpy/lib/shape_base.py -> build/lib.macosx-10.3-i386-2.5/numpy/lib
copying numpy/lib/stride_tricks.py -> build/lib.macosx-10.3-i386-2.5/numpy/lib
copying numpy/lib/twodim_base.py -> build/lib.macosx-10.3-i386-2.5/numpy/lib
copying numpy/lib/type_check.py -> build/lib.macosx-10.3-i386-2.5/numpy/lib
copying numpy/lib/ufunclike.py -> build/lib.macosx-10.3-i386-2.5/numpy/lib
copying numpy/lib/user_array.py -> build/lib.macosx-10.3-i386-2.5/numpy/lib
copying numpy/lib/utils.py -> build/lib.macosx-10.3-i386-2.5/numpy/lib
creating build/lib.macosx-10.3-i386-2.5/numpy/oldnumeric
copying numpy/oldnumeric/__init__.py -> build/lib.macosx-10.3-i386-2.5/numpy/oldnumeric
copying numpy/oldnumeric/alter_code1.py -> build/lib.macosx-10.3-i386-2.5/numpy/oldnumeric
copying numpy/oldnumeric/alter_code2.py -> build/lib.macosx-10.3-i386-2.5/numpy/oldnumeric
copying numpy/oldnumeric/array_printer.py -> build/lib.macosx-10.3-i386-2.5/numpy/oldnumeric
copying numpy/oldnumeric/arrayfns.py -> build/lib.macosx-10.3-i386-2.5/numpy/oldnumeric
copying numpy/oldnumeric/compat.py -> build/lib.macosx-10.3-i386-2.5/numpy/oldnumeric
copying numpy/oldnumeric/fft.py -> build/lib.macosx-10.3-i386-2.5/numpy/oldnumeric
copying numpy/oldnumeric/fix_default_axis.py -> build/lib.macosx-10.3-i386-2.5/numpy/oldnumeric
copying numpy/oldnumeric/functions.py -> build/lib.macosx-10.3-i386-2.5/numpy/oldnumeric
copying numpy/oldnumeric/linear_algebra.py -> build/lib.macosx-10.3-i386-2.5/numpy/oldnumeric
copying numpy/oldnumeric/ma.py -> build/lib.macosx-10.3-i386-2.5/numpy/oldnumeric
copying numpy/oldnumeric/matrix.py -> build/lib.macosx-10.3-i386-2.5/numpy/oldnumeric
copying numpy/oldnumeric/misc.py -> build/lib.macosx-10.3-i386-2.5/numpy/oldnumeric
copying numpy/oldnumeric/mlab.py -> build/lib.macosx-10.3-i386-2.5/numpy/oldnumeric
copying numpy/oldnumeric/precision.py -> build/lib.macosx-10.3-i386-2.5/numpy/oldnumeric
copying numpy/oldnumeric/random_array.py -> build/lib.macosx-10.3-i386-2.5/numpy/oldnumeric
copying numpy/oldnumeric/rng.py -> build/lib.macosx-10.3-i386-2.5/numpy/oldnumeric
copying numpy/oldnumeric/rng_stats.py -> build/lib.macosx-10.3-i386-2.5/numpy/oldnumeric
copying numpy/oldnumeric/setup.py -> build/lib.macosx-10.3-i386-2.5/numpy/oldnumeric
copying numpy/oldnumeric/setupscons.py -> build/lib.macosx-10.3-i386-2.5/numpy/oldnumeric
copying numpy/oldnumeric/typeconv.py -> build/lib.macosx-10.3-i386-2.5/numpy/oldnumeric
copying numpy/oldnumeric/ufuncs.py -> build/lib.macosx-10.3-i386-2.5/numpy/oldnumeric
copying numpy/oldnumeric/user_array.py -> build/lib.macosx-10.3-i386-2.5/numpy/oldnumeric
creating build/lib.macosx-10.3-i386-2.5/numpy/numarray
copying numpy/numarray/__init__.py -> build/lib.macosx-10.3-i386-2.5/numpy/numarray
copying numpy/numarray/alter_code1.py -> build/lib.macosx-10.3-i386-2.5/numpy/numarray
copying numpy/numarray/alter_code2.py -> build/lib.macosx-10.3-i386-2.5/numpy/numarray
copying numpy/numarray/compat.py -> build/lib.macosx-10.3-i386-2.5/numpy/numarray
copying numpy/numarray/convolve.py -> build/lib.macosx-10.3-i386-2.5/numpy/numarray
copying numpy/numarray/fft.py -> build/lib.macosx-10.3-i386-2.5/numpy/numarray
copying numpy/numarray/functions.py -> build/lib.macosx-10.3-i386-2.5/numpy/numarray
copying numpy/numarray/image.py -> build/lib.macosx-10.3-i386-2.5/numpy/numarray
copying numpy/numarray/linear_algebra.py -> build/lib.macosx-10.3-i386-2.5/numpy/numarray
copying numpy/numarray/ma.py -> build/lib.macosx-10.3-i386-2.5/numpy/numarray
copying numpy/numarray/matrix.py -> build/lib.macosx-10.3-i386-2.5/numpy/numarray
copying numpy/numarray/mlab.py -> build/lib.macosx-10.3-i386-2.5/numpy/numarray
copying numpy/numarray/nd_image.py -> build/lib.macosx-10.3-i386-2.5/numpy/numarray
copying numpy/numarray/numerictypes.py -> build/lib.macosx-10.3-i386-2.5/numpy/numarray
copying numpy/numarray/random_array.py -> build/lib.macosx-10.3-i386-2.5/numpy/numarray
copying numpy/numarray/session.py -> build/lib.macosx-10.3-i386-2.5/numpy/numarray
copying numpy/numarray/setup.py -> build/lib.macosx-10.3-i386-2.5/numpy/numarray
copying numpy/numarray/setupscons.py -> build/lib.macosx-10.3-i386-2.5/numpy/numarray
copying numpy/numarray/ufuncs.py -> build/lib.macosx-10.3-i386-2.5/numpy/numarray
copying numpy/numarray/util.py -> build/lib.macosx-10.3-i386-2.5/numpy/numarray
creating build/lib.macosx-10.3-i386-2.5/numpy/fft
copying numpy/fft/__init__.py -> build/lib.macosx-10.3-i386-2.5/numpy/fft
copying numpy/fft/fftpack.py -> build/lib.macosx-10.3-i386-2.5/numpy/fft
copying numpy/fft/helper.py -> build/lib.macosx-10.3-i386-2.5/numpy/fft
copying numpy/fft/info.py -> build/lib.macosx-10.3-i386-2.5/numpy/fft
copying numpy/fft/setup.py -> build/lib.macosx-10.3-i386-2.5/numpy/fft
copying numpy/fft/setupscons.py -> build/lib.macosx-10.3-i386-2.5/numpy/fft
creating build/lib.macosx-10.3-i386-2.5/numpy/linalg
copying numpy/linalg/__init__.py -> build/lib.macosx-10.3-i386-2.5/numpy/linalg
copying numpy/linalg/info.py -> build/lib.macosx-10.3-i386-2.5/numpy/linalg
copying numpy/linalg/linalg.py -> build/lib.macosx-10.3-i386-2.5/numpy/linalg
copying numpy/linalg/setup.py -> build/lib.macosx-10.3-i386-2.5/numpy/linalg
copying numpy/linalg/setupscons.py -> build/lib.macosx-10.3-i386-2.5/numpy/linalg
creating build/lib.macosx-10.3-i386-2.5/numpy/random
copying numpy/random/__init__.py -> build/lib.macosx-10.3-i386-2.5/numpy/random
copying numpy/random/info.py -> build/lib.macosx-10.3-i386-2.5/numpy/random
copying numpy/random/setup.py -> build/lib.macosx-10.3-i386-2.5/numpy/random
copying numpy/random/setupscons.py -> build/lib.macosx-10.3-i386-2.5/numpy/random
creating build/lib.macosx-10.3-i386-2.5/numpy/ma
copying numpy/ma/__init__.py -> build/lib.macosx-10.3-i386-2.5/numpy/ma
copying numpy/ma/bench.py -> build/lib.macosx-10.3-i386-2.5/numpy/ma
copying numpy/ma/core.py -> build/lib.macosx-10.3-i386-2.5/numpy/ma
copying numpy/ma/extras.py -> build/lib.macosx-10.3-i386-2.5/numpy/ma
copying numpy/ma/mrecords.py -> build/lib.macosx-10.3-i386-2.5/numpy/ma
copying numpy/ma/setup.py -> build/lib.macosx-10.3-i386-2.5/numpy/ma
copying numpy/ma/setupscons.py -> build/lib.macosx-10.3-i386-2.5/numpy/ma
copying numpy/ma/testutils.py -> build/lib.macosx-10.3-i386-2.5/numpy/ma
copying numpy/ma/timer_comparison.py -> build/lib.macosx-10.3-i386-2.5/numpy/ma
copying numpy/ma/version.py -> build/lib.macosx-10.3-i386-2.5/numpy/ma
creating build/lib.macosx-10.3-i386-2.5/numpy/matrixlib
copying numpy/matrixlib/__init__.py -> build/lib.macosx-10.3-i386-2.5/numpy/matrixlib
copying numpy/matrixlib/defmatrix.py -> build/lib.macosx-10.3-i386-2.5/numpy/matrixlib
copying numpy/matrixlib/setup.py -> build/lib.macosx-10.3-i386-2.5/numpy/matrixlib
copying numpy/matrixlib/setupscons.py -> build/lib.macosx-10.3-i386-2.5/numpy/matrixlib
creating build/lib.macosx-10.3-i386-2.5/numpy/compat
copying numpy/compat/__init__.py -> build/lib.macosx-10.3-i386-2.5/numpy/compat
copying numpy/compat/_inspect.py -> build/lib.macosx-10.3-i386-2.5/numpy/compat
copying numpy/compat/py3k.py -> build/lib.macosx-10.3-i386-2.5/numpy/compat
copying numpy/compat/setup.py -> build/lib.macosx-10.3-i386-2.5/numpy/compat
copying numpy/compat/setupscons.py -> build/lib.macosx-10.3-i386-2.5/numpy/compat
creating build/lib.macosx-10.3-i386-2.5/numpy/polynomial
copying numpy/polynomial/__init__.py -> build/lib.macosx-10.3-i386-2.5/numpy/polynomial
copying numpy/polynomial/chebyshev.py -> build/lib.macosx-10.3-i386-2.5/numpy/polynomial
copying numpy/polynomial/legendre.py -> build/lib.macosx-10.3-i386-2.5/numpy/polynomial
copying numpy/polynomial/polynomial.py -> build/lib.macosx-10.3-i386-2.5/numpy/polynomial
copying numpy/polynomial/polytemplate.py -> build/lib.macosx-10.3-i386-2.5/numpy/polynomial
copying numpy/polynomial/polyutils.py -> build/lib.macosx-10.3-i386-2.5/numpy/polynomial
copying numpy/polynomial/setup.py -> build/lib.macosx-10.3-i386-2.5/numpy/polynomial
creating build/lib.macosx-10.3-i386-2.5/numpy/doc
copying numpy/doc/__init__.py -> build/lib.macosx-10.3-i386-2.5/numpy/doc
copying numpy/doc/basics.py -> build/lib.macosx-10.3-i386-2.5/numpy/doc
copying numpy/doc/broadcasting.py -> build/lib.macosx-10.3-i386-2.5/numpy/doc
copying numpy/doc/byteswapping.py -> build/lib.macosx-10.3-i386-2.5/numpy/doc
copying numpy/doc/constants.py -> build/lib.macosx-10.3-i386-2.5/numpy/doc
copying numpy/doc/creation.py -> build/lib.macosx-10.3-i386-2.5/numpy/doc
copying numpy/doc/glossary.py -> build/lib.macosx-10.3-i386-2.5/numpy/doc
copying numpy/doc/howtofind.py -> build/lib.macosx-10.3-i386-2.5/numpy/doc
copying numpy/doc/indexing.py -> build/lib.macosx-10.3-i386-2.5/numpy/doc
copying numpy/doc/internals.py -> build/lib.macosx-10.3-i386-2.5/numpy/doc
copying numpy/doc/io.py -> build/lib.macosx-10.3-i386-2.5/numpy/doc
copying numpy/doc/jargon.py -> build/lib.macosx-10.3-i386-2.5/numpy/doc
copying numpy/doc/methods_vs_functions.py -> build/lib.macosx-10.3-i386-2.5/numpy/doc
copying numpy/doc/misc.py -> build/lib.macosx-10.3-i386-2.5/numpy/doc
copying numpy/doc/performance.py -> build/lib.macosx-10.3-i386-2.5/numpy/doc
copying numpy/doc/structured_arrays.py -> build/lib.macosx-10.3-i386-2.5/numpy/doc
copying numpy/doc/subclassing.py -> build/lib.macosx-10.3-i386-2.5/numpy/doc
copying numpy/doc/ufuncs.py -> build/lib.macosx-10.3-i386-2.5/numpy/doc
running build_clib
customize UnixCCompiler
customize UnixCCompiler using build_clib
building 'npymath' library
compiling C sources
C compiler: gcc -arch ppc -arch i386 -isysroot /Developer/SDKs/MacOSX10.4u.sdk -fno-strict-aliasing -Wno-long-double -no-cpp-precomp -mno-fused-madd -fno-common -dynamic -DNDEBUG -g -O3

creating build/temp.macosx-10.3-i386-2.5
creating build/temp.macosx-10.3-i386-2.5/build
creating build/temp.macosx-10.3-i386-2.5/build/src.macosx-10.3-i386-2.5
creating build/temp.macosx-10.3-i386-2.5/build/src.macosx-10.3-i386-2.5/numpy
creating build/temp.macosx-10.3-i386-2.5/build/src.macosx-10.3-i386-2.5/numpy/core
creating build/temp.macosx-10.3-i386-2.5/build/src.macosx-10.3-i386-2.5/numpy/core/src
creating build/temp.macosx-10.3-i386-2.5/build/src.macosx-10.3-i386-2.5/numpy/core/src/npymath
compile options: '-Inumpy/core/include -Ibuild/src.macosx-10.3-i386-2.5/numpy/core/include/numpy -Inumpy/core/src/private -Inumpy/core/src -Inumpy/core -Inumpy/core/src/npymath -Inumpy/core/src/multiarray -Inumpy/core/src/umath -Inumpy/core/include -I/Library/Frameworks/Python.framework/Versions/2.5/include/python2.5 -Ibuild/src.macosx-10.3-i386-2.5/numpy/core/src/multiarray -Ibuild/src.macosx-10.3-i386-2.5/numpy/core/src/umath -c'
gcc: build/src.macosx-10.3-i386-2.5/numpy/core/src/npymath/npy_math_complex.c
gcc: build/src.macosx-10.3-i386-2.5/numpy/core/src/npymath/npy_math.c
gcc: build/src.macosx-10.3-i386-2.5/numpy/core/src/npymath/ieee754.c
ar: adding 3 object files to build/temp.macosx-10.3-i386-2.5/libnpymath.a
ranlib:@ build/temp.macosx-10.3-i386-2.5/libnpymath.a
running build_ext
customize UnixCCompiler
customize UnixCCompiler using build_ext
building 'numpy.core._sort' extension
compiling C sources
C compiler: gcc -arch ppc -arch i386 -isysroot /Developer/SDKs/MacOSX10.4u.sdk -fno-strict-aliasing -Wno-long-double -no-cpp-precomp -mno-fused-madd -fno-common -dynamic -DNDEBUG -g -O3

compile options: '-Inumpy/core/include -Ibuild/src.macosx-10.3-i386-2.5/numpy/core/include/numpy -Inumpy/core/src/private -Inumpy/core/src -Inumpy/core -Inumpy/core/src/npymath -Inumpy/core/src/multiarray -Inumpy/core/src/umath -Inumpy/core/include -I/Library/Frameworks/Python.framework/Versions/2.5/include/python2.5 -Ibuild/src.macosx-10.3-i386-2.5/numpy/core/src/multiarray -Ibuild/src.macosx-10.3-i386-2.5/numpy/core/src/umath -c'
gcc: build/src.macosx-10.3-i386-2.5/numpy/core/src/_sortmodule.c
gcc -arch i386 -arch ppc -isysroot /Developer/SDKs/MacOSX10.4u.sdk -g -bundle -undefined dynamic_lookup build/temp.macosx-10.3-i386-2.5/build/src.macosx-10.3-i386-2.5/numpy/core/src/_sortmodule.o -Lbuild/temp.macosx-10.3-i386-2.5 -o build/lib.macosx-10.3-i386-2.5/numpy/core/_sort.so
building 'numpy.core.multiarray' extension
compiling C sources
C compiler: gcc -arch ppc -arch i386 -isysroot /Developer/SDKs/MacOSX10.4u.sdk -fno-strict-aliasing -Wno-long-double -no-cpp-precomp -mno-fused-madd -fno-common -dynamic -DNDEBUG -g -O3

creating build/temp.macosx-10.3-i386-2.5/numpy
creating build/temp.macosx-10.3-i386-2.5/numpy/core
creating build/temp.macosx-10.3-i386-2.5/numpy/core/src
creating build/temp.macosx-10.3-i386-2.5/numpy/core/src/multiarray
compile options: '-Inumpy/core/include -Ibuild/src.macosx-10.3-i386-2.5/numpy/core/include/numpy -Inumpy/core/src/private -Inumpy/core/src -Inumpy/core -Inumpy/core/src/npymath -Inumpy/core/src/multiarray -Inumpy/core/src/umath -Inumpy/core/include -I/Library/Frameworks/Python.framework/Versions/2.5/include/python2.5 -Ibuild/src.macosx-10.3-i386-2.5/numpy/core/src/multiarray -Ibuild/src.macosx-10.3-i386-2.5/numpy/core/src/umath -c'
gcc: numpy/core/src/multiarray/multiarraymodule_onefile.c
